{"\\\\192.168.0.176\\Async\\___HomeSync\\Github\\GWDS\\TradingFarm\\next-dashboard\\src\\tests\\test-utils\\mock-bybit.ts": {"path":"\\\\192.168.0.176\\Async\\___HomeSync\\Github\\GWDS\\TradingFarm\\next-dashboard\\src\\tests\\test-utils\\mock-bybit.ts","statementMap":{"0":{"start":{"line":36,"column":0},"end":{"line":36,"column":16}},"1":{"start":{"line":135,"column":0},"end":{"line":135,"column":16}},"2":{"start":{"line":2,"column":0},"end":{"line":2,"column":71}},"3":{"start":{"line":5,"column":30},"end":{"line":32,"column":2}},"4":{"start":{"line":7,"column":4},"end":{"line":27,"column":5}},"5":{"start":{"line":8,"column":6},"end":{"line":8,"column":31}},"6":{"start":{"line":9,"column":11},"end":{"line":27,"column":5}},"7":{"start":{"line":11,"column":6},"end":{"line":26,"column":13}},"8":{"start":{"line":12,"column":8},"end":{"line":25,"column":11}},"9":{"start":{"line":37,"column":2},"end":{"line":126,"column":5}},"10":{"start":{"line":39,"column":17},"end":{"line":39,"column":72}},"11":{"start":{"line":40,"column":20},"end":{"line":40,"column":68}},"12":{"start":{"line":42,"column":4},"end":{"line":44,"column":5}},"13":{"start":{"line":43,"column":6},"end":{"line":43,"column":55}},"14":{"start":{"line":47,"column":4},"end":{"line":63,"column":5}},"15":{"start":{"line":48,"column":6},"end":{"line":62,"column":9}},"16":{"start":{"line":65,"column":4},"end":{"line":74,"column":5}},"17":{"start":{"line":66,"column":6},"end":{"line":73,"column":9}},"18":{"start":{"line":76,"column":4},"end":{"line":98,"column":5}},"19":{"start":{"line":77,"column":6},"end":{"line":97,"column":9}},"20":{"start":{"line":100,"column":4},"end":{"line":118,"column":5}},"21":{"start":{"line":101,"column":6},"end":{"line":117,"column":9}},"22":{"start":{"line":121,"column":4},"end":{"line":125,"column":7}},"23":{"start":{"line":129,"column":2},"end":{"line":129,"column":86}},"24":{"start":{"line":129,"column":56},"end":{"line":129,"column":85}},"25":{"start":{"line":136,"column":2},"end":{"line":136,"column":25}},"26":{"start":{"line":137,"column":2},"end":{"line":137,"column":23}}},"fnMap":{"0":{"name":"(anonymous_0)","decl":{"start":{"line":6,"column":28},"end":{"line":6,"column":29}},"loc":{"start":{"line":6,"column":44},"end":{"line":28,"column":3}}},"1":{"name":"(anonymous_1)","decl":{"start":{"line":11,"column":17},"end":{"line":11,"column":null}},"loc":{"start":{"line":11,"column":17},"end":{"line":26,"column":7}}},"2":{"name":"mockBybitApi","decl":{"start":{"line":36,"column":16},"end":{"line":36,"column":28}},"loc":{"start":{"line":36,"column":28},"end":{"line":132,"column":1}}},"3":{"name":"(anonymous_3)","decl":{"start":{"line":37,"column":46},"end":{"line":37,"column":47}},"loc":{"start":{"line":37,"column":59},"end":{"line":126,"column":3}}},"4":{"name":"(anonymous_4)","decl":{"start":{"line":129,"column":50},"end":{"line":129,"column":56}},"loc":{"start":{"line":129,"column":50},"end":{"line":129,"column":77}}},"5":{"name":"restoreMocks","decl":{"start":{"line":135,"column":16},"end":{"line":135,"column":28}},"loc":{"start":{"line":135,"column":28},"end":{"line":138,"column":1}}}},"branchMap":{"0":{"loc":{"start":{"line":7,"column":4},"end":{"line":27,"column":5}},"type":"if","locations":[{"start":{"line":7,"column":4},"end":{"line":27,"column":5}},{"start":{"line":9,"column":11},"end":{"line":27,"column":5}}]},"1":{"loc":{"start":{"line":9,"column":11},"end":{"line":27,"column":5}},"type":"if","locations":[{"start":{"line":9,"column":11},"end":{"line":27,"column":5}}]},"2":{"loc":{"start":{"line":39,"column":17},"end":{"line":39,"column":72}},"type":"cond-expr","locations":[{"start":{"line":39,"column":33},"end":{"line":39,"column":67}},{"start":{"line":39,"column":70},"end":{"line":39,"column":72}}]},"3":{"loc":{"start":{"line":39,"column":17},"end":{"line":39,"column":30}},"type":"cond-expr","locations":[{"start":{"line":39,"column":24},"end":{"line":39,"column":26}},{"start":{"line":39,"column":17},"end":{"line":39,"column":30}}]},"4":{"loc":{"start":{"line":39,"column":17},"end":{"line":39,"column":26}},"type":"binary-expr","locations":[{"start":{"line":39,"column":17},"end":{"line":39,"column":26}},{"start":{"line":39,"column":17},"end":{"line":39,"column":26}}]},"5":{"loc":{"start":{"line":40,"column":20},"end":{"line":40,"column":68}},"type":"binary-expr","locations":[{"start":{"line":40,"column":20},"end":{"line":40,"column":62}},{"start":{"line":40,"column":66},"end":{"line":40,"column":68}}]},"6":{"loc":{"start":{"line":40,"column":20},"end":{"line":40,"column":62}},"type":"cond-expr","locations":[{"start":{"line":40,"column":27},"end":{"line":40,"column":29}},{"start":{"line":40,"column":20},"end":{"line":40,"column":62}}]},"7":{"loc":{"start":{"line":40,"column":20},"end":{"line":40,"column":29}},"type":"binary-expr","locations":[{"start":{"line":40,"column":20},"end":{"line":40,"column":29}},{"start":{"line":40,"column":20},"end":{"line":40,"column":29}}]},"8":{"loc":{"start":{"line":42,"column":4},"end":{"line":44,"column":5}},"type":"if","locations":[{"start":{"line":42,"column":4},"end":{"line":44,"column":5}}]},"9":{"loc":{"start":{"line":42,"column":8},"end":{"line":42,"column":68}},"type":"binary-expr","locations":[{"start":{"line":42,"column":8},"end":{"line":42,"column":29}},{"start":{"line":42,"column":33},"end":{"line":42,"column":68}}]},"10":{"loc":{"start":{"line":47,"column":4},"end":{"line":63,"column":5}},"type":"if","locations":[{"start":{"line":47,"column":4},"end":{"line":63,"column":5}}]},"11":{"loc":{"start":{"line":65,"column":4},"end":{"line":74,"column":5}},"type":"if","locations":[{"start":{"line":65,"column":4},"end":{"line":74,"column":5}}]},"12":{"loc":{"start":{"line":76,"column":4},"end":{"line":98,"column":5}},"type":"if","locations":[{"start":{"line":76,"column":4},"end":{"line":98,"column":5}}]},"13":{"loc":{"start":{"line":100,"column":4},"end":{"line":118,"column":5}},"type":"if","locations":[{"start":{"line":100,"column":4},"end":{"line":118,"column":5}}]}},"s":{"0":1,"1":1,"2":1,"3":1,"4":0,"5":0,"6":0,"7":0,"8":0,"9":7,"10":11,"11":11,"12":11,"13":2,"14":9,"15":6,"16":3,"17":1,"18":2,"19":0,"20":2,"21":1,"22":1,"23":7,"24":0,"25":1,"26":1},"f":{"0":0,"1":0,"2":7,"3":11,"4":0,"5":1},"b":{"0":[0,0],"1":[0],"2":[2,9],"3":[0,11],"4":[11,11],"5":[11,0],"6":[0,11],"7":[11,11],"8":[2],"9":[11,11],"10":[6],"11":[1],"12":[0],"13":[1]}}
,"\\\\192.168.0.176\\Async\\___HomeSync\\Github\\GWDS\\TradingFarm\\next-dashboard\\src\\tests\\test-utils\\mock-coinbase.ts": {"path":"\\\\192.168.0.176\\Async\\___HomeSync\\Github\\GWDS\\TradingFarm\\next-dashboard\\src\\tests\\test-utils\\mock-coinbase.ts","statementMap":{"0":{"start":{"line":4,"column":0},"end":{"line":4,"column":16}},"1":{"start":{"line":22,"column":0},"end":{"line":22,"column":16}},"2":{"start":{"line":92,"column":0},"end":{"line":92,"column":16}},"3":{"start":{"line":5,"column":2},"end":{"line":18,"column":6}},"4":{"start":{"line":5,"column":42},"end":{"line":18,"column":5}},"5":{"start":{"line":6,"column":59},"end":{"line":17,"column":7}},"6":{"start":{"line":8,"column":8},"end":{"line":10,"column":9}},"7":{"start":{"line":9,"column":10},"end":{"line":9,"column":89}},"8":{"start":{"line":11,"column":8},"end":{"line":15,"column":11}},"9":{"start":{"line":23,"column":2},"end":{"line":76,"column":5}},"10":{"start":{"line":25,"column":20},"end":{"line":25,"column":42}},"11":{"start":{"line":26,"column":4},"end":{"line":32,"column":5}},"12":{"start":{"line":27,"column":6},"end":{"line":31,"column":9}},"13":{"start":{"line":30,"column":20},"end":{"line":30,"column":null}},"14":{"start":{"line":35,"column":4},"end":{"line":43,"column":5}},"15":{"start":{"line":36,"column":6},"end":{"line":42,"column":9}},"16":{"start":{"line":38,"column":20},"end":{"line":41,"column":null}},"17":{"start":{"line":45,"column":4},"end":{"line":57,"column":5}},"18":{"start":{"line":46,"column":6},"end":{"line":56,"column":9}},"19":{"start":{"line":48,"column":20},"end":{"line":55,"column":null}},"20":{"start":{"line":59,"column":4},"end":{"line":69,"column":5}},"21":{"start":{"line":60,"column":6},"end":{"line":68,"column":9}},"22":{"start":{"line":62,"column":20},"end":{"line":67,"column":null}},"23":{"start":{"line":72,"column":4},"end":{"line":75,"column":7}},"24":{"start":{"line":74,"column":18},"end":{"line":74,"column":null}},"25":{"start":{"line":79,"column":2},"end":{"line":88,"column":6}},"26":{"start":{"line":79,"column":56},"end":{"line":88,"column":5}},"27":{"start":{"line":81,"column":6},"end":{"line":83,"column":7}},"28":{"start":{"line":82,"column":8},"end":{"line":82,"column":33}},"29":{"start":{"line":93,"column":2},"end":{"line":93,"column":25}}},"fnMap":{"0":{"name":"mockServerVault","decl":{"start":{"line":4,"column":16},"end":{"line":4,"column":31}},"loc":{"start":{"line":4,"column":31},"end":{"line":19,"column":1}}},"1":{"name":"(anonymous_1)","decl":{"start":{"line":5,"column":36},"end":{"line":5,"column":42}},"loc":{"start":{"line":5,"column":36},"end":{"line":5,"column":43}}},"2":{"name":"(anonymous_2)","decl":{"start":{"line":6,"column":53},"end":{"line":6,"column":59}},"loc":{"start":{"line":6,"column":53},"end":{"line":6,"column":60}}},"3":{"name":"(anonymous_3)","decl":{"start":{"line":7,"column":54},"end":{"line":7,"column":55}},"loc":{"start":{"line":7,"column":69},"end":{"line":16,"column":7}}},"4":{"name":"mockCoinbaseApi","decl":{"start":{"line":22,"column":16},"end":{"line":22,"column":31}},"loc":{"start":{"line":22,"column":31},"end":{"line":89,"column":1}}},"5":{"name":"(anonymous_5)","decl":{"start":{"line":23,"column":46},"end":{"line":23,"column":47}},"loc":{"start":{"line":23,"column":59},"end":{"line":76,"column":3}}},"6":{"name":"(anonymous_6)","decl":{"start":{"line":30,"column":14},"end":{"line":30,"column":20}},"loc":{"start":{"line":30,"column":14},"end":{"line":30,"column":27}}},"7":{"name":"(anonymous_7)","decl":{"start":{"line":38,"column":14},"end":{"line":38,"column":20}},"loc":{"start":{"line":38,"column":14},"end":{"line":38,"column":27}}},"8":{"name":"(anonymous_8)","decl":{"start":{"line":48,"column":14},"end":{"line":48,"column":20}},"loc":{"start":{"line":48,"column":14},"end":{"line":48,"column":27}}},"9":{"name":"(anonymous_9)","decl":{"start":{"line":62,"column":14},"end":{"line":62,"column":20}},"loc":{"start":{"line":62,"column":14},"end":{"line":62,"column":27}}},"10":{"name":"(anonymous_10)","decl":{"start":{"line":74,"column":12},"end":{"line":74,"column":18}},"loc":{"start":{"line":74,"column":12},"end":{"line":74,"column":25}}},"11":{"name":"(anonymous_11)","decl":{"start":{"line":79,"column":50},"end":{"line":79,"column":56}},"loc":{"start":{"line":79,"column":50},"end":{"line":79,"column":57}}},"12":{"name":"(anonymous_12)","decl":{"start":{"line":80,"column":30},"end":{"line":80,"column":31}},"loc":{"start":{"line":80,"column":46},"end":{"line":84,"column":5}}},"13":{"name":"restoreMocks","decl":{"start":{"line":92,"column":16},"end":{"line":92,"column":28}},"loc":{"start":{"line":92,"column":28},"end":{"line":94,"column":1}}}},"branchMap":{"0":{"loc":{"start":{"line":8,"column":8},"end":{"line":10,"column":9}},"type":"if","locations":[{"start":{"line":8,"column":8},"end":{"line":10,"column":9}}]},"1":{"loc":{"start":{"line":25,"column":20},"end":{"line":25,"column":42}},"type":"binary-expr","locations":[{"start":{"line":25,"column":20},"end":{"line":25,"column":36}},{"start":{"line":25,"column":40},"end":{"line":25,"column":42}}]},"2":{"loc":{"start":{"line":25,"column":20},"end":{"line":25,"column":36}},"type":"cond-expr","locations":[{"start":{"line":25,"column":27},"end":{"line":25,"column":29}},{"start":{"line":25,"column":20},"end":{"line":25,"column":36}}]},"3":{"loc":{"start":{"line":25,"column":20},"end":{"line":25,"column":29}},"type":"binary-expr","locations":[{"start":{"line":25,"column":20},"end":{"line":25,"column":29}},{"start":{"line":25,"column":20},"end":{"line":25,"column":29}}]},"4":{"loc":{"start":{"line":26,"column":4},"end":{"line":32,"column":5}},"type":"if","locations":[{"start":{"line":26,"column":4},"end":{"line":32,"column":5}}]},"5":{"loc":{"start":{"line":35,"column":4},"end":{"line":43,"column":5}},"type":"if","locations":[{"start":{"line":35,"column":4},"end":{"line":43,"column":5}}]},"6":{"loc":{"start":{"line":45,"column":4},"end":{"line":57,"column":5}},"type":"if","locations":[{"start":{"line":45,"column":4},"end":{"line":57,"column":5}}]},"7":{"loc":{"start":{"line":59,"column":4},"end":{"line":69,"column":5}},"type":"if","locations":[{"start":{"line":59,"column":4},"end":{"line":69,"column":5}}]},"8":{"loc":{"start":{"line":81,"column":6},"end":{"line":83,"column":7}},"type":"if","locations":[{"start":{"line":81,"column":6},"end":{"line":83,"column":7}}]}},"s":{"0":1,"1":1,"2":1,"3":1,"4":0,"5":0,"6":0,"7":0,"8":0,"9":1,"10":4,"11":4,"12":2,"13":0,"14":2,"15":1,"16":1,"17":1,"18":1,"19":1,"20":0,"21":0,"22":0,"23":0,"24":0,"25":1,"26":0,"27":0,"28":0,"29":1},"f":{"0":1,"1":0,"2":0,"3":0,"4":1,"5":4,"6":0,"7":1,"8":1,"9":0,"10":0,"11":0,"12":0,"13":1},"b":{"0":[0],"1":[4,0],"2":[0,4],"3":[4,4],"4":[2],"5":[1],"6":[1],"7":[0],"8":[0]}}
,"\\\\192.168.0.176\\Async\\___HomeSync\\Github\\GWDS\\TradingFarm\\next-dashboard\\src\\tests\\test-utils\\mock-common.ts": {"path":"\\\\192.168.0.176\\Async\\___HomeSync\\Github\\GWDS\\TradingFarm\\next-dashboard\\src\\tests\\test-utils\\mock-common.ts","statementMap":{"0":{"start":{"line":7,"column":0},"end":{"line":7,"column":16}},"1":{"start":{"line":14,"column":0},"end":{"line":14,"column":16}},"2":{"start":{"line":34,"column":0},"end":{"line":34,"column":16}},"3":{"start":{"line":47,"column":0},"end":{"line":47,"column":16}},"4":{"start":{"line":8,"column":2},"end":{"line":8,"column":59}},"5":{"start":{"line":8,"column":34},"end":{"line":8,"column":58}},"6":{"start":{"line":15,"column":2},"end":{"line":27,"column":5}},"7":{"start":{"line":18,"column":8},"end":{"line":20,"column":9}},"8":{"start":{"line":18,"column":21},"end":{"line":18,"column":22}},"9":{"start":{"line":19,"column":10},"end":{"line":19,"column":51}},"10":{"start":{"line":21,"column":8},"end":{"line":21,"column":19}},"11":{"start":{"line":24,"column":51},"end":{"line":24,"column":88}},"12":{"start":{"line":35,"column":2},"end":{"line":39,"column":5}},"13":{"start":{"line":38,"column":16},"end":{"line":38,"column":null}},"14":{"start":{"line":47,"column":34},"end":{"line":47,"column":48}},"15":{"start":{"line":47,"column":48},"end":{"line":47,"column":null}},"16":{"start":{"line":48,"column":2},"end":{"line":52,"column":5}},"17":{"start":{"line":51,"column":16},"end":{"line":51,"column":null}}},"fnMap":{"0":{"name":"delay","decl":{"start":{"line":7,"column":16},"end":{"line":7,"column":21}},"loc":{"start":{"line":7,"column":32},"end":{"line":9,"column":1}}},"1":{"name":"(anonymous_1)","decl":{"start":{"line":8,"column":21},"end":{"line":8,"column":22}},"loc":{"start":{"line":8,"column":29},"end":{"line":8,"column":44}}},"2":{"name":"mockCrypto","decl":{"start":{"line":14,"column":16},"end":{"line":14,"column":26}},"loc":{"start":{"line":14,"column":26},"end":{"line":28,"column":1}}},"3":{"name":"(anonymous_3)","decl":{"start":{"line":17,"column":23},"end":{"line":17,"column":24}},"loc":{"start":{"line":17,"column":32},"end":{"line":22,"column":7}}},"4":{"name":"(anonymous_4)","decl":{"start":{"line":24,"column":45},"end":{"line":24,"column":51}},"loc":{"start":{"line":24,"column":45},"end":{"line":24,"column":58}}},"5":{"name":"mockSuccessResponse","decl":{"start":{"line":34,"column":16},"end":{"line":34,"column":35}},"loc":{"start":{"line":34,"column":45},"end":{"line":40,"column":1}}},"6":{"name":"(anonymous_6)","decl":{"start":{"line":38,"column":10},"end":{"line":38,"column":16}},"loc":{"start":{"line":38,"column":10},"end":{"line":38,"column":23}}},"7":{"name":"mockErrorResponse","decl":{"start":{"line":47,"column":16},"end":{"line":47,"column":33}},"loc":{"start":{"line":47,"column":71},"end":{"line":53,"column":1}}},"8":{"name":"(anonymous_8)","decl":{"start":{"line":51,"column":10},"end":{"line":51,"column":16}},"loc":{"start":{"line":51,"column":10},"end":{"line":51,"column":23}}}},"branchMap":{"0":{"loc":{"start":{"line":47,"column":34},"end":{"line":47,"column":48}},"type":"if","locations":[{"start":{"line":47,"column":34},"end":{"line":47,"column":48}}]},"1":{"loc":{"start":{"line":47,"column":48},"end":{"line":47,"column":null}},"type":"if","locations":[{"start":{"line":47,"column":48},"end":{"line":47,"column":null}}]}},"s":{"0":1,"1":1,"2":1,"3":1,"4":0,"5":0,"6":0,"7":0,"8":0,"9":0,"10":0,"11":0,"12":9,"13":9,"14":2,"15":2,"16":2,"17":2},"f":{"0":0,"1":0,"2":0,"3":0,"4":0,"5":9,"6":9,"7":2,"8":2},"b":{"0":[0],"1":[0]}}
,"\\\\192.168.0.176\\Async\\___HomeSync\\Github\\GWDS\\TradingFarm\\next-dashboard\\src\\tests\\test-utils\\mock-hyperliquid.ts": {"path":"\\\\192.168.0.176\\Async\\___HomeSync\\Github\\GWDS\\TradingFarm\\next-dashboard\\src\\tests\\test-utils\\mock-hyperliquid.ts","statementMap":{"0":{"start":{"line":4,"column":0},"end":{"line":4,"column":16}},"1":{"start":{"line":21,"column":0},"end":{"line":21,"column":16}},"2":{"start":{"line":112,"column":0},"end":{"line":112,"column":16}},"3":{"start":{"line":5,"column":2},"end":{"line":17,"column":6}},"4":{"start":{"line":5,"column":42},"end":{"line":17,"column":5}},"5":{"start":{"line":6,"column":59},"end":{"line":16,"column":7}},"6":{"start":{"line":8,"column":8},"end":{"line":10,"column":9}},"7":{"start":{"line":9,"column":10},"end":{"line":9,"column":70}},"8":{"start":{"line":11,"column":8},"end":{"line":14,"column":11}},"9":{"start":{"line":22,"column":2},"end":{"line":96,"column":5}},"10":{"start":{"line":24,"column":17},"end":{"line":24,"column":72}},"11":{"start":{"line":25,"column":4},"end":{"line":31,"column":5}},"12":{"start":{"line":26,"column":6},"end":{"line":30,"column":9}},"13":{"start":{"line":29,"column":20},"end":{"line":29,"column":null}},"14":{"start":{"line":34,"column":4},"end":{"line":47,"column":5}},"15":{"start":{"line":35,"column":6},"end":{"line":46,"column":9}},"16":{"start":{"line":37,"column":20},"end":{"line":45,"column":null}},"17":{"start":{"line":49,"column":4},"end":{"line":58,"column":5}},"18":{"start":{"line":50,"column":6},"end":{"line":57,"column":9}},"19":{"start":{"line":52,"column":20},"end":{"line":56,"column":null}},"20":{"start":{"line":60,"column":4},"end":{"line":78,"column":5}},"21":{"start":{"line":61,"column":6},"end":{"line":77,"column":9}},"22":{"start":{"line":63,"column":20},"end":{"line":76,"column":null}},"23":{"start":{"line":80,"column":4},"end":{"line":89,"column":5}},"24":{"start":{"line":81,"column":6},"end":{"line":88,"column":9}},"25":{"start":{"line":83,"column":20},"end":{"line":87,"column":null}},"26":{"start":{"line":92,"column":4},"end":{"line":95,"column":7}},"27":{"start":{"line":94,"column":18},"end":{"line":94,"column":null}},"28":{"start":{"line":99,"column":2},"end":{"line":108,"column":6}},"29":{"start":{"line":99,"column":56},"end":{"line":108,"column":5}},"30":{"start":{"line":101,"column":6},"end":{"line":103,"column":7}},"31":{"start":{"line":102,"column":8},"end":{"line":102,"column":33}},"32":{"start":{"line":113,"column":2},"end":{"line":113,"column":25}}},"fnMap":{"0":{"name":"mockServerVault","decl":{"start":{"line":4,"column":16},"end":{"line":4,"column":31}},"loc":{"start":{"line":4,"column":31},"end":{"line":18,"column":1}}},"1":{"name":"(anonymous_1)","decl":{"start":{"line":5,"column":36},"end":{"line":5,"column":42}},"loc":{"start":{"line":5,"column":36},"end":{"line":5,"column":43}}},"2":{"name":"(anonymous_2)","decl":{"start":{"line":6,"column":53},"end":{"line":6,"column":59}},"loc":{"start":{"line":6,"column":53},"end":{"line":6,"column":60}}},"3":{"name":"(anonymous_3)","decl":{"start":{"line":7,"column":54},"end":{"line":7,"column":55}},"loc":{"start":{"line":7,"column":69},"end":{"line":15,"column":7}}},"4":{"name":"mockHyperliquidApi","decl":{"start":{"line":21,"column":16},"end":{"line":21,"column":34}},"loc":{"start":{"line":21,"column":34},"end":{"line":109,"column":1}}},"5":{"name":"(anonymous_5)","decl":{"start":{"line":22,"column":46},"end":{"line":22,"column":47}},"loc":{"start":{"line":22,"column":59},"end":{"line":96,"column":3}}},"6":{"name":"(anonymous_6)","decl":{"start":{"line":29,"column":14},"end":{"line":29,"column":20}},"loc":{"start":{"line":29,"column":14},"end":{"line":29,"column":27}}},"7":{"name":"(anonymous_7)","decl":{"start":{"line":37,"column":14},"end":{"line":37,"column":20}},"loc":{"start":{"line":37,"column":14},"end":{"line":37,"column":27}}},"8":{"name":"(anonymous_8)","decl":{"start":{"line":52,"column":14},"end":{"line":52,"column":20}},"loc":{"start":{"line":52,"column":14},"end":{"line":52,"column":27}}},"9":{"name":"(anonymous_9)","decl":{"start":{"line":63,"column":14},"end":{"line":63,"column":20}},"loc":{"start":{"line":63,"column":14},"end":{"line":63,"column":27}}},"10":{"name":"(anonymous_10)","decl":{"start":{"line":83,"column":14},"end":{"line":83,"column":20}},"loc":{"start":{"line":83,"column":14},"end":{"line":83,"column":27}}},"11":{"name":"(anonymous_11)","decl":{"start":{"line":94,"column":12},"end":{"line":94,"column":18}},"loc":{"start":{"line":94,"column":12},"end":{"line":94,"column":25}}},"12":{"name":"(anonymous_12)","decl":{"start":{"line":99,"column":50},"end":{"line":99,"column":56}},"loc":{"start":{"line":99,"column":50},"end":{"line":99,"column":57}}},"13":{"name":"(anonymous_13)","decl":{"start":{"line":100,"column":30},"end":{"line":100,"column":31}},"loc":{"start":{"line":100,"column":46},"end":{"line":104,"column":5}}},"14":{"name":"restoreMocks","decl":{"start":{"line":112,"column":16},"end":{"line":112,"column":28}},"loc":{"start":{"line":112,"column":28},"end":{"line":114,"column":1}}}},"branchMap":{"0":{"loc":{"start":{"line":8,"column":8},"end":{"line":10,"column":9}},"type":"if","locations":[{"start":{"line":8,"column":8},"end":{"line":10,"column":9}}]},"1":{"loc":{"start":{"line":24,"column":17},"end":{"line":24,"column":72}},"type":"cond-expr","locations":[{"start":{"line":24,"column":33},"end":{"line":24,"column":67}},{"start":{"line":24,"column":70},"end":{"line":24,"column":72}}]},"2":{"loc":{"start":{"line":24,"column":17},"end":{"line":24,"column":30}},"type":"cond-expr","locations":[{"start":{"line":24,"column":24},"end":{"line":24,"column":26}},{"start":{"line":24,"column":17},"end":{"line":24,"column":30}}]},"3":{"loc":{"start":{"line":24,"column":17},"end":{"line":24,"column":26}},"type":"binary-expr","locations":[{"start":{"line":24,"column":17},"end":{"line":24,"column":26}},{"start":{"line":24,"column":17},"end":{"line":24,"column":26}}]},"4":{"loc":{"start":{"line":25,"column":4},"end":{"line":31,"column":5}},"type":"if","locations":[{"start":{"line":25,"column":4},"end":{"line":31,"column":5}}]},"5":{"loc":{"start":{"line":25,"column":8},"end":{"line":25,"column":57}},"type":"binary-expr","locations":[{"start":{"line":25,"column":8},"end":{"line":25,"column":32}},{"start":{"line":25,"column":36},"end":{"line":25,"column":57}}]},"6":{"loc":{"start":{"line":34,"column":4},"end":{"line":47,"column":5}},"type":"if","locations":[{"start":{"line":34,"column":4},"end":{"line":47,"column":5}}]},"7":{"loc":{"start":{"line":49,"column":4},"end":{"line":58,"column":5}},"type":"if","locations":[{"start":{"line":49,"column":4},"end":{"line":58,"column":5}}]},"8":{"loc":{"start":{"line":60,"column":4},"end":{"line":78,"column":5}},"type":"if","locations":[{"start":{"line":60,"column":4},"end":{"line":78,"column":5}}]},"9":{"loc":{"start":{"line":80,"column":4},"end":{"line":89,"column":5}},"type":"if","locations":[{"start":{"line":80,"column":4},"end":{"line":89,"column":5}}]},"10":{"loc":{"start":{"line":101,"column":6},"end":{"line":103,"column":7}},"type":"if","locations":[{"start":{"line":101,"column":6},"end":{"line":103,"column":7}}]}},"s":{"0":1,"1":1,"2":1,"3":1,"4":0,"5":0,"6":0,"7":0,"8":0,"9":1,"10":4,"11":4,"12":0,"13":0,"14":4,"15":0,"16":0,"17":4,"18":2,"19":2,"20":2,"21":2,"22":2,"23":0,"24":0,"25":0,"26":0,"27":0,"28":1,"29":0,"30":0,"31":0,"32":1},"f":{"0":1,"1":0,"2":0,"3":0,"4":1,"5":4,"6":0,"7":0,"8":2,"9":2,"10":0,"11":0,"12":0,"13":0,"14":1},"b":{"0":[0],"1":[2,2],"2":[0,4],"3":[4,4],"4":[0],"5":[4,4],"6":[0],"7":[2],"8":[2],"9":[0],"10":[0]}}
,"\\\\192.168.0.176\\Async\\___HomeSync\\Github\\GWDS\\TradingFarm\\next-dashboard\\src\\utils\\exchanges\\bybit-adapter.ts": {"path":"\\\\192.168.0.176\\Async\\___HomeSync\\Github\\GWDS\\TradingFarm\\next-dashboard\\src\\utils\\exchanges\\bybit-adapter.ts","statementMap":{"0":{"start":{"line":3,"column":0},"end":{"line":3,"column":36}},"1":{"start":{"line":9,"column":0},"end":{"line":9,"column":13}},"2":{"start":{"line":10,"column":10},"end":{"line":10,"column":30}},"3":{"start":{"line":11,"column":10},"end":{"line":11,"column":33}},"4":{"start":{"line":12,"column":10},"end":{"line":12,"column":37}},"5":{"start":{"line":13,"column":10},"end":{"line":13,"column":31}},"6":{"start":{"line":14,"column":10},"end":{"line":14,"column":29}},"7":{"start":{"line":15,"column":10},"end":{"line":15,"column":39}},"8":{"start":{"line":16,"column":10},"end":{"line":16,"column":45}},"9":{"start":{"line":17,"column":10},"end":{"line":17,"column":63}},"10":{"start":{"line":22,"column":8},"end":{"line":58,"column":null}},"11":{"start":{"line":24,"column":6},"end":{"line":24,"column":39}},"12":{"start":{"line":25,"column":6},"end":{"line":25,"column":45}},"13":{"start":{"line":26,"column":6},"end":{"line":26,"column":54}},"14":{"start":{"line":29,"column":6},"end":{"line":35,"column":7}},"15":{"start":{"line":30,"column":8},"end":{"line":30,"column":55}},"16":{"start":{"line":31,"column":8},"end":{"line":31,"column":64}},"17":{"start":{"line":33,"column":8},"end":{"line":33,"column":47}},"18":{"start":{"line":34,"column":8},"end":{"line":34,"column":56}},"19":{"start":{"line":38,"column":23},"end":{"line":38,"column":null}},"20":{"start":{"line":38,"column":12},"end":{"line":38,"column":null}},"21":{"start":{"line":40,"column":6},"end":{"line":40,"column":30}},"22":{"start":{"line":41,"column":6},"end":{"line":50,"column":8}},"23":{"start":{"line":52,"column":6},"end":{"line":52,"column":31}},"24":{"start":{"line":53,"column":6},"end":{"line":56,"column":8}},"25":{"start":{"line":63,"column":8},"end":{"line":68,"column":null}},"26":{"start":{"line":64,"column":4},"end":{"line":64,"column":26}},"27":{"start":{"line":65,"column":4},"end":{"line":65,"column":29}},"28":{"start":{"line":66,"column":4},"end":{"line":66,"column":21}},"29":{"start":{"line":67,"column":4},"end":{"line":67,"column":24}},"30":{"start":{"line":73,"column":8},"end":{"line":83,"column":null}},"31":{"start":{"line":74,"column":4},"end":{"line":74,"column":40}},"32":{"start":{"line":74,"column":27},"end":{"line":74,"column":40}},"33":{"start":{"line":77,"column":6},"end":{"line":77,"column":31}},"34":{"start":{"line":78,"column":6},"end":{"line":78,"column":18}},"35":{"start":{"line":80,"column":6},"end":{"line":80,"column":31}},"36":{"start":{"line":81,"column":6},"end":{"line":81,"column":19}},"37":{"start":{"line":88,"column":8},"end":{"line":142,"column":null}},"38":{"start":{"line":89,"column":24},"end":{"line":89,"column":null}},"39":{"start":{"line":89,"column":10},"end":{"line":89,"column":null}},"40":{"start":{"line":90,"column":26},"end":{"line":90,"column":null}},"41":{"start":{"line":90,"column":10},"end":{"line":90,"column":null}},"42":{"start":{"line":92,"column":10},"end":{"line":92,"column":33}},"43":{"start":{"line":95,"column":4},"end":{"line":114,"column":5}},"44":{"start":{"line":96,"column":6},"end":{"line":113,"column":7}},"45":{"start":{"line":96,"column":17},"end":{"line":96,"column":25}},"46":{"start":{"line":97,"column":8},"end":{"line":112,"column":11}},"47":{"start":{"line":117,"column":4},"end":{"line":139,"column":5}},"48":{"start":{"line":118,"column":6},"end":{"line":138,"column":7}},"49":{"start":{"line":118,"column":17},"end":{"line":118,"column":25}},"50":{"start":{"line":119,"column":8},"end":{"line":137,"column":11}},"51":{"start":{"line":141,"column":4},"end":{"line":141,"column":19}},"52":{"start":{"line":147,"column":8},"end":{"line":168,"column":null}},"53":{"start":{"line":148,"column":21},"end":{"line":148,"column":null}},"54":{"start":{"line":148,"column":10},"end":{"line":148,"column":null}},"55":{"start":{"line":150,"column":4},"end":{"line":152,"column":5}},"56":{"start":{"line":151,"column":6},"end":{"line":151,"column":67}},"57":{"start":{"line":154,"column":10},"end":{"line":154,"column":43}},"58":{"start":{"line":156,"column":4},"end":{"line":167,"column":6}},"59":{"start":{"line":173,"column":8},"end":{"line":187,"column":null}},"60":{"start":{"line":173,"column":37},"end":{"line":173,"column":58}},"61":{"start":{"line":174,"column":10},"end":{"line":174,"column":62}},"62":{"start":{"line":175,"column":21},"end":{"line":175,"column":null}},"63":{"start":{"line":175,"column":10},"end":{"line":175,"column":null}},"64":{"start":{"line":177,"column":4},"end":{"line":179,"column":5}},"65":{"start":{"line":178,"column":6},"end":{"line":178,"column":70}},"66":{"start":{"line":181,"column":4},"end":{"line":186,"column":6}},"67":{"start":{"line":183,"column":69},"end":{"line":183,"column":110}},"68":{"start":{"line":184,"column":69},"end":{"line":184,"column":110}},"69":{"start":{"line":192,"column":8},"end":{"line":243,"column":null}},"70":{"start":{"line":193,"column":10},"end":{"line":193,"column":38}},"71":{"start":{"line":194,"column":10},"end":{"line":194,"column":33}},"72":{"start":{"line":196,"column":4},"end":{"line":196,"column":31}},"73":{"start":{"line":198,"column":10},"end":{"line":201,"column":6}},"74":{"start":{"line":203,"column":4},"end":{"line":203,"column":50}},"75":{"start":{"line":205,"column":10},"end":{"line":216,"column":6}},"76":{"start":{"line":207,"column":19},"end":{"line":215,"column":null}},"77":{"start":{"line":208,"column":8},"end":{"line":213,"column":9}},"78":{"start":{"line":209,"column":10},"end":{"line":212,"column":14}},"79":{"start":{"line":214,"column":8},"end":{"line":214,"column":50}},"80":{"start":{"line":218,"column":4},"end":{"line":218,"column":57}},"81":{"start":{"line":221,"column":4},"end":{"line":240,"column":7}},"82":{"start":{"line":222,"column":6},"end":{"line":239,"column":7}},"83":{"start":{"line":223,"column":27},"end":{"line":223,"column":36}},"84":{"start":{"line":225,"column":31},"end":{"line":236,"column":10}},"85":{"start":{"line":238,"column":8},"end":{"line":238,"column":25}},"86":{"start":{"line":242,"column":4},"end":{"line":242,"column":24}},"87":{"start":{"line":248,"column":8},"end":{"line":293,"column":null}},"88":{"start":{"line":249,"column":10},"end":{"line":249,"column":43}},"89":{"start":{"line":250,"column":10},"end":{"line":250,"column":33}},"90":{"start":{"line":252,"column":4},"end":{"line":252,"column":31}},"91":{"start":{"line":254,"column":10},"end":{"line":257,"column":6}},"92":{"start":{"line":259,"column":4},"end":{"line":259,"column":50}},"93":{"start":{"line":261,"column":10},"end":{"line":272,"column":6}},"94":{"start":{"line":263,"column":19},"end":{"line":271,"column":null}},"95":{"start":{"line":264,"column":8},"end":{"line":269,"column":9}},"96":{"start":{"line":265,"column":10},"end":{"line":268,"column":14}},"97":{"start":{"line":270,"column":8},"end":{"line":270,"column":50}},"98":{"start":{"line":274,"column":4},"end":{"line":274,"column":57}},"99":{"start":{"line":277,"column":4},"end":{"line":290,"column":7}},"100":{"start":{"line":278,"column":6},"end":{"line":289,"column":7}},"101":{"start":{"line":279,"column":23},"end":{"line":279,"column":32}},"102":{"start":{"line":281,"column":37},"end":{"line":286,"column":10}},"103":{"start":{"line":283,"column":49},"end":{"line":283,"column":92}},"104":{"start":{"line":284,"column":49},"end":{"line":284,"column":92}},"105":{"start":{"line":288,"column":8},"end":{"line":288,"column":28}},"106":{"start":{"line":292,"column":4},"end":{"line":292,"column":24}},"107":{"start":{"line":298,"column":8},"end":{"line":345,"column":null}},"108":{"start":{"line":299,"column":10},"end":{"line":299,"column":42}},"109":{"start":{"line":300,"column":10},"end":{"line":300,"column":33}},"110":{"start":{"line":302,"column":4},"end":{"line":302,"column":31}},"111":{"start":{"line":304,"column":10},"end":{"line":307,"column":6}},"112":{"start":{"line":309,"column":4},"end":{"line":309,"column":50}},"113":{"start":{"line":311,"column":10},"end":{"line":322,"column":6}},"114":{"start":{"line":313,"column":19},"end":{"line":321,"column":null}},"115":{"start":{"line":314,"column":8},"end":{"line":319,"column":9}},"116":{"start":{"line":315,"column":10},"end":{"line":318,"column":14}},"117":{"start":{"line":320,"column":8},"end":{"line":320,"column":50}},"118":{"start":{"line":324,"column":4},"end":{"line":324,"column":57}},"119":{"start":{"line":327,"column":4},"end":{"line":342,"column":7}},"120":{"start":{"line":328,"column":6},"end":{"line":341,"column":7}},"121":{"start":{"line":329,"column":8},"end":{"line":340,"column":9}},"122":{"start":{"line":329,"column":32},"end":{"line":329,"column":36}},"123":{"start":{"line":329,"column":32},"end":{"line":329,"column":41}},"124":{"start":{"line":329,"column":28},"end":{"line":329,"column":32}},"125":{"start":{"line":330,"column":37},"end":{"line":337,"column":12}},"126":{"start":{"line":339,"column":10},"end":{"line":339,"column":26}},"127":{"start":{"line":344,"column":4},"end":{"line":344,"column":24}},"128":{"start":{"line":350,"column":8},"end":{"line":372,"column":null}},"129":{"start":{"line":351,"column":21},"end":{"line":351,"column":null}},"130":{"start":{"line":351,"column":10},"end":{"line":351,"column":null}},"131":{"start":{"line":353,"column":4},"end":{"line":355,"column":5}},"132":{"start":{"line":354,"column":6},"end":{"line":354,"column":16}},"133":{"start":{"line":357,"column":10},"end":{"line":357,"column":35}},"134":{"start":{"line":359,"column":4},"end":{"line":369,"column":5}},"135":{"start":{"line":359,"column":15},"end":{"line":359,"column":26}},"136":{"start":{"line":360,"column":6},"end":{"line":368,"column":7}},"137":{"start":{"line":360,"column":17},"end":{"line":360,"column":25}},"138":{"start":{"line":361,"column":8},"end":{"line":367,"column":11}},"139":{"start":{"line":371,"column":4},"end":{"line":371,"column":20}},"140":{"start":{"line":377,"column":8},"end":{"line":414,"column":null}},"141":{"start":{"line":378,"column":8},"end":{"line":378,"column":55}},"142":{"start":{"line":380,"column":4},"end":{"line":382,"column":5}},"143":{"start":{"line":381,"column":6},"end":{"line":381,"column":38}},"144":{"start":{"line":384,"column":21},"end":{"line":384,"column":null}},"145":{"start":{"line":384,"column":10},"end":{"line":384,"column":null}},"146":{"start":{"line":386,"column":4},"end":{"line":388,"column":5}},"147":{"start":{"line":387,"column":6},"end":{"line":387,"column":16}},"148":{"start":{"line":390,"column":10},"end":{"line":390,"column":37}},"149":{"start":{"line":392,"column":4},"end":{"line":411,"column":5}},"150":{"start":{"line":392,"column":15},"end":{"line":392,"column":22}},"151":{"start":{"line":394,"column":6},"end":{"line":394,"column":47}},"152":{"start":{"line":394,"column":38},"end":{"line":394,"column":47}},"153":{"start":{"line":396,"column":6},"end":{"line":410,"column":9}},"154":{"start":{"line":413,"column":4},"end":{"line":413,"column":21}},"155":{"start":{"line":419,"column":8},"end":{"line":478,"column":null}},"156":{"start":{"line":421,"column":10},"end":{"line":421,"column":77}},"157":{"start":{"line":423,"column":10},"end":{"line":429,"column":6}},"158":{"start":{"line":431,"column":4},"end":{"line":433,"column":5}},"159":{"start":{"line":432,"column":6},"end":{"line":432,"column":48}},"160":{"start":{"line":435,"column":4},"end":{"line":439,"column":5}},"161":{"start":{"line":436,"column":6},"end":{"line":436,"column":70}},"162":{"start":{"line":438,"column":6},"end":{"line":438,"column":36}},"163":{"start":{"line":441,"column":4},"end":{"line":443,"column":5}},"164":{"start":{"line":442,"column":6},"end":{"line":442,"column":51}},"165":{"start":{"line":445,"column":4},"end":{"line":448,"column":5}},"166":{"start":{"line":446,"column":6},"end":{"line":446,"column":31}},"167":{"start":{"line":447,"column":6},"end":{"line":447,"column":38}},"168":{"start":{"line":450,"column":4},"end":{"line":452,"column":5}},"169":{"start":{"line":451,"column":6},"end":{"line":451,"column":34}},"170":{"start":{"line":454,"column":8},"end":{"line":454,"column":16}},"171":{"start":{"line":457,"column":8},"end":{"line":462,"column":11}},"172":{"start":{"line":464,"column":8},"end":{"line":464,"column":56}},"173":{"start":{"line":469,"column":21},"end":{"line":469,"column":null}},"174":{"start":{"line":469,"column":10},"end":{"line":469,"column":null}},"175":{"start":{"line":471,"column":4},"end":{"line":473,"column":5}},"176":{"start":{"line":472,"column":6},"end":{"line":472,"column":67}},"177":{"start":{"line":476,"column":18},"end":{"line":476,"column":null}},"178":{"start":{"line":476,"column":10},"end":{"line":476,"column":null}},"179":{"start":{"line":477,"column":4},"end":{"line":477,"column":17}},"180":{"start":{"line":483,"column":8},"end":{"line":494,"column":null}},"181":{"start":{"line":485,"column":10},"end":{"line":485,"column":70}},"182":{"start":{"line":487,"column":21},"end":{"line":491,"column":null}},"183":{"start":{"line":487,"column":10},"end":{"line":491,"column":null}},"184":{"start":{"line":493,"column":4},"end":{"line":493,"column":34}},"185":{"start":{"line":499,"column":8},"end":{"line":511,"column":null}},"186":{"start":{"line":501,"column":10},"end":{"line":501,"column":70}},"187":{"start":{"line":503,"column":21},"end":{"line":503,"column":null}},"188":{"start":{"line":503,"column":10},"end":{"line":503,"column":null}},"189":{"start":{"line":505,"column":4},"end":{"line":507,"column":5}},"190":{"start":{"line":506,"column":6},"end":{"line":506,"column":53}},"191":{"start":{"line":509,"column":10},"end":{"line":509,"column":46}},"192":{"start":{"line":510,"column":4},"end":{"line":510,"column":41}},"193":{"start":{"line":516,"column":8},"end":{"line":548,"column":null}},"194":{"start":{"line":517,"column":10},"end":{"line":517,"column":31}},"195":{"start":{"line":520,"column":10},"end":{"line":522,"column":43}},"196":{"start":{"line":524,"column":25},"end":{"line":524,"column":null}},"197":{"start":{"line":524,"column":10},"end":{"line":524,"column":null}},"198":{"start":{"line":526,"column":4},"end":{"line":530,"column":5}},"199":{"start":{"line":527,"column":6},"end":{"line":529,"column":7}},"200":{"start":{"line":527,"column":17},"end":{"line":527,"column":26}},"201":{"start":{"line":528,"column":8},"end":{"line":528,"column":47}},"202":{"start":{"line":533,"column":8},"end":{"line":533,"column":9}},"203":{"start":{"line":534,"column":12},"end":{"line":536,"column":47}},"204":{"start":{"line":538,"column":29},"end":{"line":538,"column":null}},"205":{"start":{"line":538,"column":12},"end":{"line":538,"column":null}},"206":{"start":{"line":540,"column":6},"end":{"line":544,"column":7}},"207":{"start":{"line":541,"column":8},"end":{"line":543,"column":9}},"208":{"start":{"line":541,"column":19},"end":{"line":541,"column":28}},"209":{"start":{"line":542,"column":10},"end":{"line":542,"column":49}},"210":{"start":{"line":547,"column":4},"end":{"line":547,"column":18}},"211":{"start":{"line":553,"column":8},"end":{"line":580,"column":null}},"212":{"start":{"line":553,"column":55},"end":{"line":553,"column":76}},"213":{"start":{"line":554,"column":10},"end":{"line":554,"column":31}},"214":{"start":{"line":555,"column":10},"end":{"line":555,"column":58}},"215":{"start":{"line":558,"column":10},"end":{"line":558,"column":155}},"216":{"start":{"line":559,"column":25},"end":{"line":559,"column":null}},"217":{"start":{"line":559,"column":10},"end":{"line":559,"column":null}},"218":{"start":{"line":561,"column":4},"end":{"line":565,"column":5}},"219":{"start":{"line":562,"column":6},"end":{"line":564,"column":7}},"220":{"start":{"line":562,"column":17},"end":{"line":562,"column":26}},"221":{"start":{"line":563,"column":8},"end":{"line":563,"column":47}},"222":{"start":{"line":568,"column":8},"end":{"line":568,"column":9}},"223":{"start":{"line":569,"column":12},"end":{"line":569,"column":161}},"224":{"start":{"line":570,"column":29},"end":{"line":570,"column":null}},"225":{"start":{"line":570,"column":12},"end":{"line":570,"column":null}},"226":{"start":{"line":572,"column":6},"end":{"line":576,"column":7}},"227":{"start":{"line":573,"column":8},"end":{"line":575,"column":9}},"228":{"start":{"line":573,"column":19},"end":{"line":573,"column":28}},"229":{"start":{"line":574,"column":10},"end":{"line":574,"column":49}},"230":{"start":{"line":579,"column":4},"end":{"line":579,"column":18}},"231":{"start":{"line":585,"column":8},"end":{"line":611,"column":null}},"232":{"start":{"line":585,"column":49},"end":{"line":585,"column":70}},"233":{"start":{"line":586,"column":10},"end":{"line":586,"column":31}},"234":{"start":{"line":587,"column":10},"end":{"line":587,"column":58}},"235":{"start":{"line":590,"column":10},"end":{"line":590,"column":138}},"236":{"start":{"line":591,"column":21},"end":{"line":591,"column":null}},"237":{"start":{"line":591,"column":10},"end":{"line":591,"column":null}},"238":{"start":{"line":593,"column":4},"end":{"line":608,"column":5}},"239":{"start":{"line":594,"column":6},"end":{"line":607,"column":7}},"240":{"start":{"line":594,"column":17},"end":{"line":594,"column":30}},"241":{"start":{"line":595,"column":8},"end":{"line":606,"column":11}},"242":{"start":{"line":610,"column":4},"end":{"line":610,"column":18}},"243":{"start":{"line":616,"column":16},"end":{"line":640,"column":null}},"244":{"start":{"line":617,"column":4},"end":{"line":619,"column":5}},"245":{"start":{"line":618,"column":6},"end":{"line":618,"column":13}},"246":{"start":{"line":621,"column":4},"end":{"line":639,"column":7}},"247":{"start":{"line":622,"column":6},"end":{"line":622,"column":28}},"248":{"start":{"line":624,"column":6},"end":{"line":624,"column":49}},"249":{"start":{"line":626,"column":6},"end":{"line":629,"column":8}},"250":{"start":{"line":627,"column":8},"end":{"line":627,"column":49}},"251":{"start":{"line":628,"column":8},"end":{"line":628,"column":18}},"252":{"start":{"line":631,"column":6},"end":{"line":634,"column":8}},"253":{"start":{"line":632,"column":8},"end":{"line":632,"column":55}},"254":{"start":{"line":633,"column":8},"end":{"line":633,"column":22}},"255":{"start":{"line":636,"column":6},"end":{"line":638,"column":8}},"256":{"start":{"line":637,"column":8},"end":{"line":637,"column":46}},"257":{"start":{"line":645,"column":10},"end":{"line":655,"column":null}},"258":{"start":{"line":646,"column":4},"end":{"line":654,"column":5}},"259":{"start":{"line":647,"column":6},"end":{"line":653,"column":7}},"260":{"start":{"line":648,"column":8},"end":{"line":648,"column":31}},"261":{"start":{"line":650,"column":8},"end":{"line":650,"column":63}},"262":{"start":{"line":652,"column":8},"end":{"line":652,"column":30}},"263":{"start":{"line":660,"column":10},"end":{"line":671,"column":null}},"264":{"start":{"line":661,"column":4},"end":{"line":661,"column":32}},"265":{"start":{"line":661,"column":25},"end":{"line":661,"column":32}},"266":{"start":{"line":663,"column":4},"end":{"line":670,"column":6}},"267":{"start":{"line":664,"column":6},"end":{"line":669,"column":7}},"268":{"start":{"line":665,"column":21},"end":{"line":665,"column":53}},"269":{"start":{"line":666,"column":8},"end":{"line":666,"column":22}},"270":{"start":{"line":668,"column":8},"end":{"line":668,"column":72}},"271":{"start":{"line":676,"column":16},"end":{"line":698,"column":null}},"272":{"start":{"line":677,"column":10},"end":{"line":677,"column":45}},"273":{"start":{"line":679,"column":10},"end":{"line":684,"column":6}},"274":{"start":{"line":686,"column":4},"end":{"line":688,"column":5}},"275":{"start":{"line":687,"column":6},"end":{"line":687,"column":42}},"276":{"start":{"line":690,"column":21},"end":{"line":690,"column":null}},"277":{"start":{"line":690,"column":10},"end":{"line":690,"column":null}},"278":{"start":{"line":691,"column":19},"end":{"line":691,"column":null}},"279":{"start":{"line":691,"column":10},"end":{"line":691,"column":null}},"280":{"start":{"line":693,"column":4},"end":{"line":695,"column":5}},"281":{"start":{"line":694,"column":6},"end":{"line":694,"column":59}},"282":{"start":{"line":697,"column":4},"end":{"line":697,"column":18}},"283":{"start":{"line":703,"column":16},"end":{"line":749,"column":null}},"284":{"start":{"line":704,"column":4},"end":{"line":706,"column":5}},"285":{"start":{"line":705,"column":6},"end":{"line":705,"column":55}},"286":{"start":{"line":708,"column":10},"end":{"line":708,"column":44}},"287":{"start":{"line":709,"column":10},"end":{"line":709,"column":30}},"288":{"start":{"line":711,"column":10},"end":{"line":711,"column":112}},"289":{"start":{"line":712,"column":10},"end":{"line":712,"column":42}},"290":{"start":{"line":714,"column":10},"end":{"line":716,"column":74}},"291":{"start":{"line":718,"column":10},"end":{"line":720,"column":21}},"292":{"start":{"line":722,"column":10},"end":{"line":722,"column":45}},"293":{"start":{"line":724,"column":10},"end":{"line":730,"column":6}},"294":{"start":{"line":732,"column":10},"end":{"line":735,"column":6}},"295":{"start":{"line":737,"column":4},"end":{"line":739,"column":5}},"296":{"start":{"line":738,"column":6},"end":{"line":738,"column":42}},"297":{"start":{"line":741,"column":21},"end":{"line":741,"column":null}},"298":{"start":{"line":741,"column":10},"end":{"line":741,"column":null}},"299":{"start":{"line":742,"column":19},"end":{"line":742,"column":null}},"300":{"start":{"line":742,"column":10},"end":{"line":742,"column":null}},"301":{"start":{"line":744,"column":4},"end":{"line":746,"column":5}},"302":{"start":{"line":745,"column":6},"end":{"line":745,"column":59}},"303":{"start":{"line":748,"column":4},"end":{"line":748,"column":18}},"304":{"start":{"line":754,"column":10},"end":{"line":757,"column":null}},"305":{"start":{"line":756,"column":4},"end":{"line":756,"column":60}},"306":{"start":{"line":762,"column":10},"end":{"line":783,"column":null}},"307":{"start":{"line":763,"column":4},"end":{"line":782,"column":6}},"308":{"start":{"line":788,"column":10},"end":{"line":803,"column":null}},"309":{"start":{"line":789,"column":4},"end":{"line":802,"column":5}},"310":{"start":{"line":791,"column":8},"end":{"line":791,"column":24}},"311":{"start":{"line":793,"column":8},"end":{"line":793,"column":23}},"312":{"start":{"line":795,"column":8},"end":{"line":795,"column":24}},"313":{"start":{"line":797,"column":8},"end":{"line":797,"column":23}},"314":{"start":{"line":799,"column":8},"end":{"line":799,"column":23}},"315":{"start":{"line":801,"column":8},"end":{"line":801,"column":23}},"316":{"start":{"line":808,"column":10},"end":{"line":817,"column":null}},"317":{"start":{"line":809,"column":4},"end":{"line":816,"column":5}},"318":{"start":{"line":811,"column":8},"end":{"line":811,"column":24}},"319":{"start":{"line":813,"column":8},"end":{"line":813,"column":23}},"320":{"start":{"line":815,"column":8},"end":{"line":815,"column":34}},"321":{"start":{"line":822,"column":10},"end":{"line":833,"column":null}},"322":{"start":{"line":823,"column":4},"end":{"line":832,"column":5}},"323":{"start":{"line":825,"column":8},"end":{"line":825,"column":21}},"324":{"start":{"line":827,"column":8},"end":{"line":827,"column":21}},"325":{"start":{"line":829,"column":8},"end":{"line":829,"column":21}},"326":{"start":{"line":831,"column":8},"end":{"line":831,"column":21}},"327":{"start":{"line":838,"column":10},"end":{"line":840,"column":null}},"328":{"start":{"line":839,"column":4},"end":{"line":839,"column":23}},"329":{"start":{"line":845,"column":10},"end":{"line":868,"column":null}},"330":{"start":{"line":846,"column":4},"end":{"line":867,"column":5}},"331":{"start":{"line":848,"column":8},"end":{"line":848,"column":21}},"332":{"start":{"line":850,"column":8},"end":{"line":850,"column":21}},"333":{"start":{"line":852,"column":8},"end":{"line":852,"column":22}},"334":{"start":{"line":854,"column":8},"end":{"line":854,"column":34}},"335":{"start":{"line":856,"column":8},"end":{"line":856,"column":24}},"336":{"start":{"line":858,"column":8},"end":{"line":858,"column":26}},"337":{"start":{"line":860,"column":8},"end":{"line":860,"column":26}},"338":{"start":{"line":862,"column":8},"end":{"line":862,"column":22}},"339":{"start":{"line":864,"column":8},"end":{"line":864,"column":26}},"340":{"start":{"line":866,"column":8},"end":{"line":866,"column":22}},"341":{"start":{"line":869,"column":0},"end":{"line":869,"column":null}},"342":{"start":{"line":9,"column":13},"end":{"line":9,"column":25}}},"fnMap":{"0":{"name":"(anonymous_13)","decl":{"start":{"line":9,"column":0},"end":{"line":9,"column":13}},"loc":{"start":{"line":9,"column":0},"end":{"line":869,"column":null}}},"1":{"name":"(anonymous_15)","decl":{"start":{"line":22,"column":2},"end":{"line":22,"column":8}},"loc":{"start":{"line":22,"column":48},"end":{"line":58,"column":null}}},"2":{"name":"(anonymous_18)","decl":{"start":{"line":63,"column":2},"end":{"line":63,"column":8}},"loc":{"start":{"line":63,"column":2},"end":{"line":68,"column":null}}},"3":{"name":"(anonymous_21)","decl":{"start":{"line":73,"column":2},"end":{"line":73,"column":8}},"loc":{"start":{"line":73,"column":2},"end":{"line":83,"column":null}}},"4":{"name":"(anonymous_24)","decl":{"start":{"line":88,"column":2},"end":{"line":88,"column":8}},"loc":{"start":{"line":88,"column":2},"end":{"line":142,"column":null}}},"5":{"name":"(anonymous_27)","decl":{"start":{"line":147,"column":2},"end":{"line":147,"column":8}},"loc":{"start":{"line":147,"column":32},"end":{"line":168,"column":null}}},"6":{"name":"(anonymous_30)","decl":{"start":{"line":173,"column":2},"end":{"line":173,"column":8}},"loc":{"start":{"line":173,"column":2},"end":{"line":187,"column":null}}},"7":{"name":"(anonymous_33)","decl":{"start":{"line":183,"column":50},"end":{"line":183,"column":51}},"loc":{"start":{"line":183,"column":64},"end":{"line":183,"column":70}}},"8":{"name":"(anonymous_34)","decl":{"start":{"line":184,"column":50},"end":{"line":184,"column":51}},"loc":{"start":{"line":184,"column":64},"end":{"line":184,"column":70}}},"9":{"name":"(anonymous_35)","decl":{"start":{"line":192,"column":2},"end":{"line":192,"column":8}},"loc":{"start":{"line":192,"column":76},"end":{"line":243,"column":null}}},"10":{"name":"(anonymous_38)","decl":{"start":{"line":207,"column":19},"end":{"line":207,"column":null}},"loc":{"start":{"line":207,"column":19},"end":{"line":215,"column":null}}},"11":{"name":"(anonymous_41)","decl":{"start":{"line":221,"column":32},"end":{"line":221,"column":33}},"loc":{"start":{"line":221,"column":37},"end":{"line":240,"column":5}}},"12":{"name":"(anonymous_42)","decl":{"start":{"line":248,"column":2},"end":{"line":248,"column":8}},"loc":{"start":{"line":248,"column":85},"end":{"line":293,"column":null}}},"13":{"name":"(anonymous_45)","decl":{"start":{"line":263,"column":19},"end":{"line":263,"column":null}},"loc":{"start":{"line":263,"column":19},"end":{"line":271,"column":null}}},"14":{"name":"(anonymous_48)","decl":{"start":{"line":277,"column":32},"end":{"line":277,"column":33}},"loc":{"start":{"line":277,"column":37},"end":{"line":290,"column":5}}},"15":{"name":"(anonymous_49)","decl":{"start":{"line":283,"column":29},"end":{"line":283,"column":30}},"loc":{"start":{"line":283,"column":44},"end":{"line":283,"column":50}}},"16":{"name":"(anonymous_50)","decl":{"start":{"line":284,"column":29},"end":{"line":284,"column":30}},"loc":{"start":{"line":284,"column":44},"end":{"line":284,"column":50}}},"17":{"name":"(anonymous_51)","decl":{"start":{"line":298,"column":2},"end":{"line":298,"column":8}},"loc":{"start":{"line":298,"column":80},"end":{"line":345,"column":null}}},"18":{"name":"(anonymous_54)","decl":{"start":{"line":313,"column":19},"end":{"line":313,"column":null}},"loc":{"start":{"line":313,"column":19},"end":{"line":321,"column":null}}},"19":{"name":"(anonymous_57)","decl":{"start":{"line":327,"column":32},"end":{"line":327,"column":33}},"loc":{"start":{"line":327,"column":37},"end":{"line":342,"column":5}}},"20":{"name":"(anonymous_58)","decl":{"start":{"line":350,"column":2},"end":{"line":350,"column":8}},"loc":{"start":{"line":350,"column":2},"end":{"line":372,"column":null}}},"21":{"name":"(anonymous_61)","decl":{"start":{"line":377,"column":2},"end":{"line":377,"column":8}},"loc":{"start":{"line":377,"column":36},"end":{"line":414,"column":null}}},"22":{"name":"(anonymous_64)","decl":{"start":{"line":419,"column":2},"end":{"line":419,"column":8}},"loc":{"start":{"line":419,"column":39},"end":{"line":478,"column":null}}},"23":{"name":"(anonymous_67)","decl":{"start":{"line":483,"column":2},"end":{"line":483,"column":8}},"loc":{"start":{"line":483,"column":51},"end":{"line":494,"column":null}}},"24":{"name":"(anonymous_70)","decl":{"start":{"line":499,"column":2},"end":{"line":499,"column":8}},"loc":{"start":{"line":499,"column":48},"end":{"line":511,"column":null}}},"25":{"name":"(anonymous_73)","decl":{"start":{"line":516,"column":2},"end":{"line":516,"column":8}},"loc":{"start":{"line":516,"column":37},"end":{"line":548,"column":null}}},"26":{"name":"(anonymous_76)","decl":{"start":{"line":553,"column":2},"end":{"line":553,"column":8}},"loc":{"start":{"line":553,"column":2},"end":{"line":580,"column":null}}},"27":{"name":"(anonymous_79)","decl":{"start":{"line":585,"column":2},"end":{"line":585,"column":8}},"loc":{"start":{"line":585,"column":2},"end":{"line":611,"column":null}}},"28":{"name":"(anonymous_82)","decl":{"start":{"line":616,"column":2},"end":{"line":616,"column":16}},"loc":{"start":{"line":616,"column":2},"end":{"line":640,"column":null}}},"29":{"name":"(anonymous_85)","decl":{"start":{"line":621,"column":23},"end":{"line":621,"column":24}},"loc":{"start":{"line":621,"column":39},"end":{"line":639,"column":5}}},"30":{"name":"(anonymous_86)","decl":{"start":{"line":626,"column":30},"end":{"line":626,"column":null}},"loc":{"start":{"line":626,"column":30},"end":{"line":629,"column":7}}},"31":{"name":"(anonymous_87)","decl":{"start":{"line":631,"column":31},"end":{"line":631,"column":32}},"loc":{"start":{"line":631,"column":37},"end":{"line":634,"column":7}}},"32":{"name":"(anonymous_88)","decl":{"start":{"line":636,"column":31},"end":{"line":636,"column":null}},"loc":{"start":{"line":636,"column":31},"end":{"line":638,"column":7}}},"33":{"name":"(anonymous_89)","decl":{"start":{"line":645,"column":2},"end":{"line":645,"column":10}},"loc":{"start":{"line":645,"column":2},"end":{"line":655,"column":3}}},"34":{"name":"(anonymous_90)","decl":{"start":{"line":660,"column":2},"end":{"line":660,"column":10}},"loc":{"start":{"line":660,"column":61},"end":{"line":671,"column":3}}},"35":{"name":"(anonymous_91)","decl":{"start":{"line":663,"column":31},"end":{"line":663,"column":32}},"loc":{"start":{"line":663,"column":37},"end":{"line":670,"column":5}}},"36":{"name":"(anonymous_92)","decl":{"start":{"line":676,"column":2},"end":{"line":676,"column":16}},"loc":{"start":{"line":676,"column":72},"end":{"line":698,"column":null}}},"37":{"name":"(anonymous_95)","decl":{"start":{"line":703,"column":2},"end":{"line":703,"column":16}},"loc":{"start":{"line":703,"column":78},"end":{"line":749,"column":null}}},"38":{"name":"(anonymous_98)","decl":{"start":{"line":754,"column":2},"end":{"line":754,"column":10}},"loc":{"start":{"line":754,"column":40},"end":{"line":757,"column":3}}},"39":{"name":"(anonymous_99)","decl":{"start":{"line":762,"column":2},"end":{"line":762,"column":10}},"loc":{"start":{"line":762,"column":39},"end":{"line":783,"column":3}}},"40":{"name":"(anonymous_100)","decl":{"start":{"line":788,"column":2},"end":{"line":788,"column":10}},"loc":{"start":{"line":788,"column":35},"end":{"line":803,"column":3}}},"41":{"name":"(anonymous_101)","decl":{"start":{"line":808,"column":2},"end":{"line":808,"column":10}},"loc":{"start":{"line":808,"column":42},"end":{"line":817,"column":3}}},"42":{"name":"(anonymous_102)","decl":{"start":{"line":822,"column":2},"end":{"line":822,"column":10}},"loc":{"start":{"line":822,"column":44},"end":{"line":833,"column":3}}},"43":{"name":"(anonymous_103)","decl":{"start":{"line":838,"column":2},"end":{"line":838,"column":10}},"loc":{"start":{"line":838,"column":51},"end":{"line":840,"column":3}}},"44":{"name":"(anonymous_104)","decl":{"start":{"line":845,"column":2},"end":{"line":845,"column":10}},"loc":{"start":{"line":845,"column":39},"end":{"line":868,"column":3}}}},"branchMap":{"0":{"loc":{"start":{"line":26,"column":23},"end":{"line":26,"column":53}},"type":"binary-expr","locations":[{"start":{"line":26,"column":23},"end":{"line":26,"column":44}},{"start":{"line":26,"column":48},"end":{"line":26,"column":53}}]},"1":{"loc":{"start":{"line":29,"column":6},"end":{"line":35,"column":7}},"type":"if","locations":[{"start":{"line":29,"column":6},"end":{"line":35,"column":7}},{"start":{"line":32,"column":13},"end":{"line":35,"column":7}}]},"2":{"loc":{"start":{"line":43,"column":52},"end":{"line":43,"column":90}},"type":"cond-expr","locations":[{"start":{"line":43,"column":69},"end":{"line":43,"column":78}},{"start":{"line":43,"column":81},"end":{"line":43,"column":90}}]},"3":{"loc":{"start":{"line":74,"column":4},"end":{"line":74,"column":40}},"type":"if","locations":[{"start":{"line":74,"column":4},"end":{"line":74,"column":40}}]},"4":{"loc":{"start":{"line":89,"column":24},"end":{"line":89,"column":null}},"type":"switch","locations":[{"start":{"line":89,"column":24},"end":{"line":89,"column":null}}]},"5":{"loc":{"start":{"line":95,"column":4},"end":{"line":114,"column":5}},"type":"if","locations":[{"start":{"line":95,"column":4},"end":{"line":114,"column":5}}]},"6":{"loc":{"start":{"line":95,"column":8},"end":{"line":95,"column":32}},"type":"cond-expr","locations":[{"start":{"line":95,"column":26},"end":{"line":95,"column":28}},{"start":{"line":95,"column":26},"end":{"line":95,"column":32}}]},"7":{"loc":{"start":{"line":95,"column":8},"end":{"line":95,"column":28}},"type":"binary-expr","locations":[{"start":{"line":95,"column":8},"end":{"line":95,"column":28}},{"start":{"line":95,"column":26},"end":{"line":95,"column":28}}]},"8":{"loc":{"start":{"line":106,"column":18},"end":{"line":106,"column":67}},"type":"cond-expr","locations":[{"start":{"line":106,"column":46},"end":{"line":106,"column":54}},{"start":{"line":106,"column":57},"end":{"line":106,"column":67}}]},"9":{"loc":{"start":{"line":117,"column":4},"end":{"line":139,"column":5}},"type":"if","locations":[{"start":{"line":117,"column":4},"end":{"line":139,"column":5}}]},"10":{"loc":{"start":{"line":117,"column":8},"end":{"line":117,"column":34}},"type":"cond-expr","locations":[{"start":{"line":117,"column":28},"end":{"line":117,"column":30}},{"start":{"line":117,"column":28},"end":{"line":117,"column":34}}]},"11":{"loc":{"start":{"line":117,"column":8},"end":{"line":117,"column":30}},"type":"binary-expr","locations":[{"start":{"line":117,"column":8},"end":{"line":117,"column":30}},{"start":{"line":117,"column":28},"end":{"line":117,"column":30}}]},"12":{"loc":{"start":{"line":127,"column":34},"end":{"line":127,"column":57}},"type":"binary-expr","locations":[{"start":{"line":127,"column":34},"end":{"line":127,"column":50}},{"start":{"line":127,"column":54},"end":{"line":127,"column":57}}]},"13":{"loc":{"start":{"line":128,"column":18},"end":{"line":128,"column":67}},"type":"cond-expr","locations":[{"start":{"line":128,"column":46},"end":{"line":128,"column":54}},{"start":{"line":128,"column":57},"end":{"line":128,"column":67}}]},"14":{"loc":{"start":{"line":132,"column":36},"end":{"line":132,"column":75}},"type":"binary-expr","locations":[{"start":{"line":132,"column":36},"end":{"line":132,"column":68}},{"start":{"line":132,"column":72},"end":{"line":132,"column":75}}]},"15":{"loc":{"start":{"line":132,"column":36},"end":{"line":132,"column":68}},"type":"cond-expr","locations":[{"start":{"line":132,"column":55},"end":{"line":132,"column":57}},{"start":{"line":132,"column":55},"end":{"line":132,"column":68}}]},"16":{"loc":{"start":{"line":132,"column":36},"end":{"line":132,"column":57}},"type":"binary-expr","locations":[{"start":{"line":132,"column":36},"end":{"line":132,"column":57}},{"start":{"line":132,"column":55},"end":{"line":132,"column":57}}]},"17":{"loc":{"start":{"line":133,"column":36},"end":{"line":133,"column":77}},"type":"binary-expr","locations":[{"start":{"line":133,"column":36},"end":{"line":133,"column":68}},{"start":{"line":133,"column":72},"end":{"line":133,"column":77}}]},"18":{"loc":{"start":{"line":133,"column":36},"end":{"line":133,"column":68}},"type":"cond-expr","locations":[{"start":{"line":133,"column":55},"end":{"line":133,"column":57}},{"start":{"line":133,"column":55},"end":{"line":133,"column":68}}]},"19":{"loc":{"start":{"line":133,"column":36},"end":{"line":133,"column":57}},"type":"binary-expr","locations":[{"start":{"line":133,"column":36},"end":{"line":133,"column":57}},{"start":{"line":133,"column":55},"end":{"line":133,"column":57}}]},"20":{"loc":{"start":{"line":148,"column":21},"end":{"line":148,"column":null}},"type":"switch","locations":[{"start":{"line":148,"column":21},"end":{"line":148,"column":null}}]},"21":{"loc":{"start":{"line":150,"column":4},"end":{"line":152,"column":5}},"type":"if","locations":[{"start":{"line":150,"column":4},"end":{"line":152,"column":5}}]},"22":{"loc":{"start":{"line":150,"column":8},"end":{"line":150,"column":67}},"type":"binary-expr","locations":[{"start":{"line":150,"column":8},"end":{"line":150,"column":34}},{"start":{"line":150,"column":34},"end":{"line":150,"column":67}}]},"23":{"loc":{"start":{"line":150,"column":9},"end":{"line":150,"column":30}},"type":"cond-expr","locations":[{"start":{"line":150,"column":24},"end":{"line":150,"column":26}},{"start":{"line":150,"column":24},"end":{"line":150,"column":30}}]},"24":{"loc":{"start":{"line":150,"column":9},"end":{"line":150,"column":26}},"type":"binary-expr","locations":[{"start":{"line":150,"column":9},"end":{"line":150,"column":26}},{"start":{"line":150,"column":24},"end":{"line":150,"column":26}}]},"25":{"loc":{"start":{"line":173,"column":37},"end":{"line":173,"column":58}},"type":"if","locations":[{"start":{"line":173,"column":37},"end":{"line":173,"column":58}}]},"26":{"loc":{"start":{"line":174,"column":18},"end":{"line":174,"column":61}},"type":"cond-expr","locations":[{"start":{"line":174,"column":32},"end":{"line":174,"column":34}},{"start":{"line":174,"column":37},"end":{"line":174,"column":61}}]},"27":{"loc":{"start":{"line":174,"column":37},"end":{"line":174,"column":61}},"type":"cond-expr","locations":[{"start":{"line":174,"column":52},"end":{"line":174,"column":55}},{"start":{"line":174,"column":58},"end":{"line":174,"column":61}}]},"28":{"loc":{"start":{"line":177,"column":4},"end":{"line":179,"column":5}},"type":"if","locations":[{"start":{"line":177,"column":4},"end":{"line":179,"column":5}}]},"29":{"loc":{"start":{"line":203,"column":4},"end":{"line":203,"column":49}},"type":"cond-expr","locations":[{"start":{"line":203,"column":18},"end":{"line":203,"column":20}},{"start":{"line":203,"column":18},"end":{"line":203,"column":49}}]},"30":{"loc":{"start":{"line":203,"column":4},"end":{"line":203,"column":20}},"type":"binary-expr","locations":[{"start":{"line":203,"column":4},"end":{"line":203,"column":20}},{"start":{"line":203,"column":18},"end":{"line":203,"column":20}}]},"31":{"loc":{"start":{"line":208,"column":8},"end":{"line":213,"column":9}},"type":"if","locations":[{"start":{"line":208,"column":8},"end":{"line":213,"column":9}}]},"32":{"loc":{"start":{"line":208,"column":12},"end":{"line":208,"column":38}},"type":"cond-expr","locations":[{"start":{"line":208,"column":26},"end":{"line":208,"column":28}},{"start":{"line":208,"column":26},"end":{"line":208,"column":38}}]},"33":{"loc":{"start":{"line":208,"column":12},"end":{"line":208,"column":28}},"type":"binary-expr","locations":[{"start":{"line":208,"column":12},"end":{"line":208,"column":28}},{"start":{"line":208,"column":26},"end":{"line":208,"column":28}}]},"34":{"loc":{"start":{"line":222,"column":6},"end":{"line":239,"column":7}},"type":"if","locations":[{"start":{"line":222,"column":6},"end":{"line":239,"column":7}}]},"35":{"loc":{"start":{"line":259,"column":4},"end":{"line":259,"column":49}},"type":"cond-expr","locations":[{"start":{"line":259,"column":18},"end":{"line":259,"column":20}},{"start":{"line":259,"column":18},"end":{"line":259,"column":49}}]},"36":{"loc":{"start":{"line":259,"column":4},"end":{"line":259,"column":20}},"type":"binary-expr","locations":[{"start":{"line":259,"column":4},"end":{"line":259,"column":20}},{"start":{"line":259,"column":18},"end":{"line":259,"column":20}}]},"37":{"loc":{"start":{"line":264,"column":8},"end":{"line":269,"column":9}},"type":"if","locations":[{"start":{"line":264,"column":8},"end":{"line":269,"column":9}}]},"38":{"loc":{"start":{"line":264,"column":12},"end":{"line":264,"column":38}},"type":"cond-expr","locations":[{"start":{"line":264,"column":26},"end":{"line":264,"column":28}},{"start":{"line":264,"column":26},"end":{"line":264,"column":38}}]},"39":{"loc":{"start":{"line":264,"column":12},"end":{"line":264,"column":28}},"type":"binary-expr","locations":[{"start":{"line":264,"column":12},"end":{"line":264,"column":28}},{"start":{"line":264,"column":26},"end":{"line":264,"column":28}}]},"40":{"loc":{"start":{"line":278,"column":6},"end":{"line":289,"column":7}},"type":"if","locations":[{"start":{"line":278,"column":6},"end":{"line":289,"column":7}}]},"41":{"loc":{"start":{"line":309,"column":4},"end":{"line":309,"column":49}},"type":"cond-expr","locations":[{"start":{"line":309,"column":18},"end":{"line":309,"column":20}},{"start":{"line":309,"column":18},"end":{"line":309,"column":49}}]},"42":{"loc":{"start":{"line":309,"column":4},"end":{"line":309,"column":20}},"type":"binary-expr","locations":[{"start":{"line":309,"column":4},"end":{"line":309,"column":20}},{"start":{"line":309,"column":18},"end":{"line":309,"column":20}}]},"43":{"loc":{"start":{"line":314,"column":8},"end":{"line":319,"column":9}},"type":"if","locations":[{"start":{"line":314,"column":8},"end":{"line":319,"column":9}}]},"44":{"loc":{"start":{"line":314,"column":12},"end":{"line":314,"column":38}},"type":"cond-expr","locations":[{"start":{"line":314,"column":26},"end":{"line":314,"column":28}},{"start":{"line":314,"column":26},"end":{"line":314,"column":38}}]},"45":{"loc":{"start":{"line":314,"column":12},"end":{"line":314,"column":28}},"type":"binary-expr","locations":[{"start":{"line":314,"column":12},"end":{"line":314,"column":28}},{"start":{"line":314,"column":26},"end":{"line":314,"column":28}}]},"46":{"loc":{"start":{"line":328,"column":6},"end":{"line":341,"column":7}},"type":"if","locations":[{"start":{"line":328,"column":6},"end":{"line":341,"column":7}}]},"47":{"loc":{"start":{"line":351,"column":21},"end":{"line":351,"column":null}},"type":"switch","locations":[{"start":{"line":351,"column":21},"end":{"line":351,"column":null}}]},"48":{"loc":{"start":{"line":353,"column":4},"end":{"line":355,"column":5}},"type":"if","locations":[{"start":{"line":353,"column":4},"end":{"line":355,"column":5}}]},"49":{"loc":{"start":{"line":353,"column":8},"end":{"line":353,"column":67}},"type":"binary-expr","locations":[{"start":{"line":353,"column":8},"end":{"line":353,"column":34}},{"start":{"line":353,"column":34},"end":{"line":353,"column":67}}]},"50":{"loc":{"start":{"line":353,"column":9},"end":{"line":353,"column":30}},"type":"cond-expr","locations":[{"start":{"line":353,"column":24},"end":{"line":353,"column":26}},{"start":{"line":353,"column":24},"end":{"line":353,"column":30}}]},"51":{"loc":{"start":{"line":353,"column":9},"end":{"line":353,"column":26}},"type":"binary-expr","locations":[{"start":{"line":353,"column":9},"end":{"line":353,"column":26}},{"start":{"line":353,"column":24},"end":{"line":353,"column":26}}]},"52":{"loc":{"start":{"line":366,"column":31},"end":{"line":366,"column":51}},"type":"binary-expr","locations":[{"start":{"line":366,"column":31},"end":{"line":366,"column":44}},{"start":{"line":366,"column":48},"end":{"line":366,"column":51}}]},"53":{"loc":{"start":{"line":380,"column":4},"end":{"line":382,"column":5}},"type":"if","locations":[{"start":{"line":380,"column":4},"end":{"line":382,"column":5}}]},"54":{"loc":{"start":{"line":386,"column":4},"end":{"line":388,"column":5}},"type":"if","locations":[{"start":{"line":386,"column":4},"end":{"line":388,"column":5}}]},"55":{"loc":{"start":{"line":386,"column":9},"end":{"line":386,"column":30}},"type":"cond-expr","locations":[{"start":{"line":386,"column":24},"end":{"line":386,"column":26}},{"start":{"line":386,"column":24},"end":{"line":386,"column":30}}]},"56":{"loc":{"start":{"line":386,"column":9},"end":{"line":386,"column":26}},"type":"binary-expr","locations":[{"start":{"line":386,"column":9},"end":{"line":386,"column":26}},{"start":{"line":386,"column":24},"end":{"line":386,"column":26}}]},"57":{"loc":{"start":{"line":394,"column":6},"end":{"line":394,"column":47}},"type":"if","locations":[{"start":{"line":394,"column":6},"end":{"line":394,"column":47}}]},"58":{"loc":{"start":{"line":398,"column":14},"end":{"line":398,"column":57}},"type":"cond-expr","locations":[{"start":{"line":398,"column":41},"end":{"line":398,"column":47}},{"start":{"line":398,"column":50},"end":{"line":398,"column":57}}]},"59":{"loc":{"start":{"line":403,"column":20},"end":{"line":403,"column":62}},"type":"cond-expr","locations":[{"start":{"line":403,"column":42},"end":{"line":403,"column":49}},{"start":{"line":403,"column":52},"end":{"line":403,"column":62}}]},"60":{"loc":{"start":{"line":469,"column":21},"end":{"line":469,"column":null}},"type":"switch","locations":[{"start":{"line":469,"column":21},"end":{"line":469,"column":null}}]},"61":{"loc":{"start":{"line":421,"column":21},"end":{"line":421,"column":76}},"type":"cond-expr","locations":[{"start":{"line":421,"column":59},"end":{"line":421,"column":67}},{"start":{"line":421,"column":70},"end":{"line":421,"column":76}}]},"62":{"loc":{"start":{"line":431,"column":4},"end":{"line":433,"column":5}},"type":"if","locations":[{"start":{"line":431,"column":4},"end":{"line":433,"column":5}}]},"63":{"loc":{"start":{"line":431,"column":8},"end":{"line":431,"column":48}},"type":"binary-expr","locations":[{"start":{"line":431,"column":8},"end":{"line":431,"column":20}},{"start":{"line":431,"column":24},"end":{"line":431,"column":48}}]},"64":{"loc":{"start":{"line":435,"column":4},"end":{"line":439,"column":5}},"type":"if","locations":[{"start":{"line":435,"column":4},"end":{"line":439,"column":5}},{"start":{"line":437,"column":11},"end":{"line":439,"column":5}}]},"65":{"loc":{"start":{"line":441,"column":4},"end":{"line":443,"column":5}},"type":"if","locations":[{"start":{"line":441,"column":4},"end":{"line":443,"column":5}}]},"66":{"loc":{"start":{"line":445,"column":4},"end":{"line":448,"column":5}},"type":"if","locations":[{"start":{"line":445,"column":4},"end":{"line":448,"column":5}}]},"67":{"loc":{"start":{"line":450,"column":4},"end":{"line":452,"column":5}},"type":"if","locations":[{"start":{"line":450,"column":4},"end":{"line":452,"column":5}}]},"68":{"loc":{"start":{"line":454,"column":8},"end":{"line":454,"column":16}},"type":"if","locations":[{"start":{"line":454,"column":8},"end":{"line":454,"column":16}}]},"69":{"loc":{"start":{"line":454,"column":8},"end":{"line":454,"column":71}},"type":"binary-expr","locations":[{"start":{"line":454,"column":8},"end":{"line":454,"column":29}},{"start":{"line":454,"column":33},"end":{"line":454,"column":48}},{"start":{"line":454,"column":52},"end":{"line":454,"column":71}}]},"70":{"loc":{"start":{"line":471,"column":4},"end":{"line":473,"column":5}},"type":"if","locations":[{"start":{"line":471,"column":4},"end":{"line":473,"column":5}}]},"71":{"loc":{"start":{"line":485,"column":21},"end":{"line":485,"column":69}},"type":"cond-expr","locations":[{"start":{"line":485,"column":52},"end":{"line":485,"column":60}},{"start":{"line":485,"column":63},"end":{"line":485,"column":69}}]},"72":{"loc":{"start":{"line":501,"column":21},"end":{"line":501,"column":69}},"type":"cond-expr","locations":[{"start":{"line":501,"column":52},"end":{"line":501,"column":60}},{"start":{"line":501,"column":63},"end":{"line":501,"column":69}}]},"73":{"loc":{"start":{"line":505,"column":4},"end":{"line":507,"column":5}},"type":"if","locations":[{"start":{"line":505,"column":4},"end":{"line":507,"column":5}}]},"74":{"loc":{"start":{"line":505,"column":8},"end":{"line":505,"column":67}},"type":"binary-expr","locations":[{"start":{"line":505,"column":8},"end":{"line":505,"column":34}},{"start":{"line":505,"column":34},"end":{"line":505,"column":67}}]},"75":{"loc":{"start":{"line":505,"column":9},"end":{"line":505,"column":30}},"type":"cond-expr","locations":[{"start":{"line":505,"column":24},"end":{"line":505,"column":26}},{"start":{"line":505,"column":24},"end":{"line":505,"column":30}}]},"76":{"loc":{"start":{"line":505,"column":9},"end":{"line":505,"column":26}},"type":"binary-expr","locations":[{"start":{"line":505,"column":9},"end":{"line":505,"column":26}},{"start":{"line":505,"column":24},"end":{"line":505,"column":26}}]},"77":{"loc":{"start":{"line":547,"column":4},"end":{"line":547,"column":18}},"type":"switch","locations":[{"start":{"line":547,"column":4},"end":{"line":547,"column":18}}]},"78":{"loc":{"start":{"line":520,"column":25},"end":{"line":522,"column":42}},"type":"cond-expr","locations":[{"start":{"line":521,"column":8},"end":{"line":521,"column":59}},{"start":{"line":522,"column":8},"end":{"line":522,"column":42}}]},"79":{"loc":{"start":{"line":526,"column":4},"end":{"line":530,"column":5}},"type":"if","locations":[{"start":{"line":526,"column":4},"end":{"line":530,"column":5}}]},"80":{"loc":{"start":{"line":526,"column":8},"end":{"line":526,"column":72}},"type":"binary-expr","locations":[{"start":{"line":526,"column":8},"end":{"line":526,"column":33}},{"start":{"line":526,"column":37},"end":{"line":526,"column":72}}]},"81":{"loc":{"start":{"line":526,"column":8},"end":{"line":526,"column":33}},"type":"cond-expr","locations":[{"start":{"line":526,"column":27},"end":{"line":526,"column":29}},{"start":{"line":526,"column":27},"end":{"line":526,"column":33}}]},"82":{"loc":{"start":{"line":526,"column":8},"end":{"line":526,"column":29}},"type":"binary-expr","locations":[{"start":{"line":526,"column":8},"end":{"line":526,"column":29}},{"start":{"line":526,"column":27},"end":{"line":526,"column":29}}]},"83":{"loc":{"start":{"line":533,"column":8},"end":{"line":533,"column":9}},"type":"if","locations":[{"start":{"line":533,"column":8},"end":{"line":533,"column":9}}]},"84":{"loc":{"start":{"line":533,"column":8},"end":{"line":533,"column":47}},"type":"binary-expr","locations":[{"start":{"line":533,"column":8},"end":{"line":533,"column":15}},{"start":{"line":533,"column":19},"end":{"line":533,"column":47}}]},"85":{"loc":{"start":{"line":534,"column":29},"end":{"line":536,"column":46}},"type":"cond-expr","locations":[{"start":{"line":535,"column":10},"end":{"line":535,"column":63}},{"start":{"line":536,"column":10},"end":{"line":536,"column":46}}]},"86":{"loc":{"start":{"line":540,"column":6},"end":{"line":544,"column":7}},"type":"if","locations":[{"start":{"line":540,"column":6},"end":{"line":544,"column":7}}]},"87":{"loc":{"start":{"line":540,"column":10},"end":{"line":540,"column":78}},"type":"binary-expr","locations":[{"start":{"line":540,"column":10},"end":{"line":540,"column":37}},{"start":{"line":540,"column":41},"end":{"line":540,"column":78}}]},"88":{"loc":{"start":{"line":540,"column":10},"end":{"line":540,"column":37}},"type":"cond-expr","locations":[{"start":{"line":540,"column":31},"end":{"line":540,"column":33}},{"start":{"line":540,"column":31},"end":{"line":540,"column":37}}]},"89":{"loc":{"start":{"line":540,"column":10},"end":{"line":540,"column":33}},"type":"binary-expr","locations":[{"start":{"line":540,"column":10},"end":{"line":540,"column":33}},{"start":{"line":540,"column":31},"end":{"line":540,"column":33}}]},"90":{"loc":{"start":{"line":553,"column":55},"end":{"line":553,"column":76}},"type":"if","locations":[{"start":{"line":553,"column":55},"end":{"line":553,"column":76}}]},"91":{"loc":{"start":{"line":579,"column":4},"end":{"line":579,"column":18}},"type":"switch","locations":[{"start":{"line":579,"column":4},"end":{"line":579,"column":18}}]},"92":{"loc":{"start":{"line":555,"column":22},"end":{"line":555,"column":57}},"type":"cond-expr","locations":[{"start":{"line":555,"column":30},"end":{"line":555,"column":45}},{"start":{"line":555,"column":48},"end":{"line":555,"column":57}}]},"93":{"loc":{"start":{"line":558,"column":59},"end":{"line":558,"column":92}},"type":"cond-expr","locations":[{"start":{"line":558,"column":68},"end":{"line":558,"column":87}},{"start":{"line":558,"column":90},"end":{"line":558,"column":92}}]},"94":{"loc":{"start":{"line":558,"column":95},"end":{"line":558,"column":137}},"type":"cond-expr","locations":[{"start":{"line":558,"column":107},"end":{"line":558,"column":132}},{"start":{"line":558,"column":135},"end":{"line":558,"column":137}}]},"95":{"loc":{"start":{"line":561,"column":4},"end":{"line":565,"column":5}},"type":"if","locations":[{"start":{"line":561,"column":4},"end":{"line":565,"column":5}}]},"96":{"loc":{"start":{"line":561,"column":8},"end":{"line":561,"column":72}},"type":"binary-expr","locations":[{"start":{"line":561,"column":8},"end":{"line":561,"column":33}},{"start":{"line":561,"column":37},"end":{"line":561,"column":72}}]},"97":{"loc":{"start":{"line":561,"column":8},"end":{"line":561,"column":33}},"type":"cond-expr","locations":[{"start":{"line":561,"column":27},"end":{"line":561,"column":29}},{"start":{"line":561,"column":27},"end":{"line":561,"column":33}}]},"98":{"loc":{"start":{"line":561,"column":8},"end":{"line":561,"column":29}},"type":"binary-expr","locations":[{"start":{"line":561,"column":8},"end":{"line":561,"column":29}},{"start":{"line":561,"column":27},"end":{"line":561,"column":29}}]},"99":{"loc":{"start":{"line":568,"column":8},"end":{"line":568,"column":9}},"type":"if","locations":[{"start":{"line":568,"column":8},"end":{"line":568,"column":9}}]},"100":{"loc":{"start":{"line":568,"column":8},"end":{"line":568,"column":47}},"type":"binary-expr","locations":[{"start":{"line":568,"column":8},"end":{"line":568,"column":15}},{"start":{"line":568,"column":19},"end":{"line":568,"column":47}}]},"101":{"loc":{"start":{"line":569,"column":65},"end":{"line":569,"column":98}},"type":"cond-expr","locations":[{"start":{"line":569,"column":74},"end":{"line":569,"column":93}},{"start":{"line":569,"column":96},"end":{"line":569,"column":98}}]},"102":{"loc":{"start":{"line":569,"column":101},"end":{"line":569,"column":143}},"type":"cond-expr","locations":[{"start":{"line":569,"column":113},"end":{"line":569,"column":138}},{"start":{"line":569,"column":141},"end":{"line":569,"column":143}}]},"103":{"loc":{"start":{"line":572,"column":6},"end":{"line":576,"column":7}},"type":"if","locations":[{"start":{"line":572,"column":6},"end":{"line":576,"column":7}}]},"104":{"loc":{"start":{"line":572,"column":10},"end":{"line":572,"column":78}},"type":"binary-expr","locations":[{"start":{"line":572,"column":10},"end":{"line":572,"column":37}},{"start":{"line":572,"column":41},"end":{"line":572,"column":78}}]},"105":{"loc":{"start":{"line":572,"column":10},"end":{"line":572,"column":37}},"type":"cond-expr","locations":[{"start":{"line":572,"column":31},"end":{"line":572,"column
[...]
lumn":19},"end":{"line":469,"column":37}},{"start":{"line":469,"column":41},"end":{"line":469,"column":46}}]},"57":{"loc":{"start":{"line":470,"column":18},"end":{"line":470,"column":44}},"type":"binary-expr","locations":[{"start":{"line":470,"column":18},"end":{"line":470,"column":35}},{"start":{"line":470,"column":39},"end":{"line":470,"column":44}}]},"58":{"loc":{"start":{"line":471,"column":16},"end":{"line":471,"column":40}},"type":"binary-expr","locations":[{"start":{"line":471,"column":16},"end":{"line":471,"column":31}},{"start":{"line":471,"column":35},"end":{"line":471,"column":40}}]},"59":{"loc":{"start":{"line":480,"column":21},"end":{"line":487,"column":null}},"type":"switch","locations":[{"start":{"line":480,"column":21},"end":{"line":487,"column":null}}]},"60":{"loc":{"start":{"line":496,"column":23},"end":{"line":496,"column":null}},"type":"switch","locations":[{"start":{"line":496,"column":23},"end":{"line":496,"column":null}}]},"61":{"loc":{"start":{"line":499,"column":4},"end":{"line":501,"column":5}},"type":"if","locations":[{"start":{"line":499,"column":4},"end":{"line":501,"column":5}}]},"62":{"loc":{"start":{"line":509,"column":4},"end":{"line":511,"column":5}},"type":"if","locations":[{"start":{"line":509,"column":4},"end":{"line":511,"column":5}}]},"63":{"loc":{"start":{"line":509,"column":8},"end":{"line":509,"column":50}},"type":"binary-expr","locations":[{"start":{"line":509,"column":8},"end":{"line":509,"column":32}},{"start":{"line":509,"column":36},"end":{"line":509,"column":50}}]},"64":{"loc":{"start":{"line":520,"column":21},"end":{"line":520,"column":null}},"type":"switch","locations":[{"start":{"line":520,"column":21},"end":{"line":520,"column":null}}]},"65":{"loc":{"start":{"line":524,"column":4},"end":{"line":531,"column":5}},"type":"if","locations":[{"start":{"line":524,"column":4},"end":{"line":531,"column":5}}]},"66":{"loc":{"start":{"line":524,"column":8},"end":{"line":524,"column":49}},"type":"binary-expr","locations":[{"start":{"line":524,"column":8},"end":{"line":524,"column":32}},{"start":{"line":524,"column":36},"end":{"line":524,"column":49}}]},"67":{"loc":{"start":{"line":527,"column":8},"end":{"line":527,"column":54}},"type":"if","locations":[{"start":{"line":527,"column":8},"end":{"line":527,"column":54}}]},"68":{"loc":{"start":{"line":527,"column":12},"end":{"line":527,"column":43}},"type":"binary-expr","locations":[{"start":{"line":527,"column":12},"end":{"line":527,"column":18}},{"start":{"line":527,"column":22},"end":{"line":527,"column":43}}]},"69":{"loc":{"start":{"line":539,"column":55},"end":{"line":539,"column":76}},"type":"if","locations":[{"start":{"line":539,"column":55},"end":{"line":539,"column":76}}]},"70":{"loc":{"start":{"line":540,"column":21},"end":{"line":540,"column":null}},"type":"switch","locations":[{"start":{"line":540,"column":21},"end":{"line":540,"column":null}}]},"71":{"loc":{"start":{"line":544,"column":4},"end":{"line":557,"column":5}},"type":"if","locations":[{"start":{"line":544,"column":4},"end":{"line":557,"column":5}}]},"72":{"loc":{"start":{"line":544,"column":8},"end":{"line":544,"column":49}},"type":"binary-expr","locations":[{"start":{"line":544,"column":8},"end":{"line":544,"column":32}},{"start":{"line":544,"column":36},"end":{"line":544,"column":49}}]},"73":{"loc":{"start":{"line":547,"column":8},"end":{"line":547,"column":54}},"type":"if","locations":[{"start":{"line":547,"column":8},"end":{"line":547,"column":54}}]},"74":{"loc":{"start":{"line":547,"column":12},"end":{"line":547,"column":43}},"type":"binary-expr","locations":[{"start":{"line":547,"column":12},"end":{"line":547,"column":18}},{"start":{"line":547,"column":22},"end":{"line":547,"column":43}}]},"75":{"loc":{"start":{"line":550,"column":8},"end":{"line":550,"column":60}},"type":"if","locations":[{"start":{"line":550,"column":8},"end":{"line":550,"column":60}}]},"76":{"loc":{"start":{"line":550,"column":12},"end":{"line":550,"column":49}},"type":"binary-expr","locations":[{"start":{"line":550,"column":12},"end":{"line":550,"column":17}},{"start":{"line":550,"column":21},"end":{"line":550,"column":49}}]},"77":{"loc":{"start":{"line":555,"column":8},"end":{"line":555,"column":42}},"type":"if","locations":[{"start":{"line":555,"column":8},"end":{"line":555,"column":42}}]},"78":{"loc":{"start":{"line":565,"column":49},"end":{"line":565,"column":70}},"type":"if","locations":[{"start":{"line":565,"column":49},"end":{"line":565,"column":70}}]},"79":{"loc":{"start":{"line":566,"column":21},"end":{"line":566,"column":null}},"type":"switch","locations":[{"start":{"line":566,"column":21},"end":{"line":566,"column":null}}]},"80":{"loc":{"start":{"line":570,"column":4},"end":{"line":594,"column":5}},"type":"if","locations":[{"start":{"line":570,"column":4},"end":{"line":594,"column":5}}]},"81":{"loc":{"start":{"line":570,"column":8},"end":{"line":570,"column":49}},"type":"binary-expr","locations":[{"start":{"line":570,"column":8},"end":{"line":570,"column":32}},{"start":{"line":570,"column":36},"end":{"line":570,"column":49}}]},"82":{"loc":{"start":{"line":573,"column":8},"end":{"line":573,"column":54}},"type":"if","locations":[{"start":{"line":573,"column":8},"end":{"line":573,"column":54}}]},"83":{"loc":{"start":{"line":573,"column":12},"end":{"line":573,"column":43}},"type":"binary-expr","locations":[{"start":{"line":573,"column":12},"end":{"line":573,"column":18}},{"start":{"line":573,"column":22},"end":{"line":573,"column":43}}]},"84":{"loc":{"start":{"line":576,"column":8},"end":{"line":576,"column":67}},"type":"if","locations":[{"start":{"line":576,"column":8},"end":{"line":576,"column":67}}]},"85":{"loc":{"start":{"line":576,"column":12},"end":{"line":576,"column":56}},"type":"binary-expr","locations":[{"start":{"line":576,"column":12},"end":{"line":576,"column":17}},{"start":{"line":576,"column":21},"end":{"line":576,"column":56}}]},"86":{"loc":{"start":{"line":582,"column":16},"end":{"line":582,"column":51}},"type":"cond-expr","locations":[{"start":{"line":582,"column":37},"end":{"line":582,"column":42}},{"start":{"line":582,"column":45},"end":{"line":582,"column":51}}]},"87":{"loc":{"start":{"line":592,"column":8},"end":{"line":592,"column":42}},"type":"if","locations":[{"start":{"line":592,"column":8},"end":{"line":592,"column":42}}]},"88":{"loc":{"start":{"line":603,"column":4},"end":{"line":605,"column":5}},"type":"if","locations":[{"start":{"line":603,"column":4},"end":{"line":605,"column":5}}]},"89":{"loc":{"start":{"line":603,"column":8},"end":{"line":603,"column":70}},"type":"binary-expr","locations":[{"start":{"line":603,"column":8},"end":{"line":603,"column":22}},{"start":{"line":603,"column":26},"end":{"line":603,"column":70}}]},"90":{"loc":{"start":{"line":632,"column":4},"end":{"line":640,"column":5}},"type":"if","locations":[{"start":{"line":632,"column":4},"end":{"line":640,"column":5}}]},"91":{"loc":{"start":{"line":647,"column":4},"end":{"line":647,"column":32}},"type":"if","locations":[{"start":{"line":647,"column":4},"end":{"line":647,"column":32}}]},"92":{"loc":{"start":{"line":672,"column":4},"end":{"line":674,"column":5}},"type":"if","locations":[{"start":{"line":672,"column":4},"end":{"line":674,"column":5}}]},"93":{"loc":{"start":{"line":686,"column":4},"end":{"line":688,"column":5}},"type":"if","locations":[{"start":{"line":686,"column":4},"end":{"line":688,"column":5}}]},"94":{"loc":{"start":{"line":686,"column":8},"end":{"line":686,"column":39}},"type":"binary-expr","locations":[{"start":{"line":686,"column":8},"end":{"line":686,"column":20}},{"start":{"line":686,"column":24},"end":{"line":686,"column":39}}]},"95":{"loc":{"start":{"line":705,"column":4},"end":{"line":707,"column":5}},"type":"if","locations":[{"start":{"line":705,"column":4},"end":{"line":707,"column":5}}]},"96":{"loc":{"start":{"line":719,"column":44},"end":{"line":719,"column":76}},"type":"cond-expr","locations":[{"start":{"line":719,"column":51},"end":{"line":719,"column":71}},{"start":{"line":719,"column":74},"end":{"line":719,"column":76}}]},"97":{"loc":{"start":{"line":733,"column":4},"end":{"line":737,"column":5}},"type":"if","locations":[{"start":{"line":733,"column":4},"end":{"line":737,"column":5}},{"start":{"line":735,"column":11},"end":{"line":737,"column":5}}]},"98":{"loc":{"start":{"line":733,"column":8},"end":{"line":733,"column":43}},"type":"cond-expr","locations":[{"start":{"line":733,"column":35},"end":{"line":733,"column":37}},{"start":{"line":733,"column":35},"end":{"line":733,"column":43}}]},"99":{"loc":{"start":{"line":733,"column":8},"end":{"line":733,"column":37}},"type":"binary-expr","locations":[{"start":{"line":733,"column":8},"end":{"line":733,"column":37}},{"start":{"line":733,"column":35},"end":{"line":733,"column":37}}]},"100":{"loc":{"start":{"line":735,"column":11},"end":{"line":737,"column":5}},"type":"if","locations":[{"start":{"line":735,"column":11},"end":{"line":737,"column":5}}]},"101":{"loc":{"start":{"line":735,"column":15},"end":{"line":735,"column":51}},"type":"cond-expr","locations":[{"start":{"line":735,"column":42},"end":{"line":735,"column":44}},{"start":{"line":735,"column":42},"end":{"line":735,"column":51}}]},"102":{"loc":{"start":{"line":735,"column":15},"end":{"line":735,"column":44}},"type":"binary-expr","locations":[{"start":{"line":735,"column":15},"end":{"line":735,"column":44}},{"start":{"line":735,"column":42},"end":{"line":735,"column":44}}]},"103":{"loc":{"start":{"line":736,"column":18},"end":{"line":736,"column":87}},"type":"cond-expr","locations":[{"start":{"line":736,"column":66},"end":{"line":736,"column":72}},{"start":{"line":736,"column":75},"end":{"line":736,"column":87}}]},"104":{"loc":{"start":{"line":740,"column":4},"end":{"line":750,"column":5}},"type":"if","locations":[{"start":{"line":740,"column":4},"end":{"line":750,"column":5}},{"start":{"line":742,"column":11},"end":{"line":750,"column":5}}]},"105":{"loc":{"start":{"line":742,"column":11},"end":{"line":750,"column":5}},"type":"if","locations":[{"start":{"line":742,"column":11},"end":{"line":750,"column":5}},{"start":{"line":744,"column":11},"end":{"line":750,"column":5}}]},"106":{"loc":{"start":{"line":744,"column":11},"end":{"line":750,"column":5}},"type":"if","locations":[{"start":{"line":744,"column":11},"end":{"line":750,"column":5}},{"start":{"line":746,"column":11},"end":{"line":750,"column":5}}]},"107":{"loc":{"start":{"line":746,"column":11},"end":{"line":750,"column":5}},"type":"if","locations":[{"start":{"line":746,"column":11},"end":{"line":750,"column":5}},{"start":{"line":748,"column":11},"end":{"line":750,"column":5}}]},"108":{"loc":{"start":{"line":746,"column":15},"end":{"line":746,"column":147}},"type":"binary-expr","locations":[{"start":{"line":746,"column":15},"end":{"line":746,"column":64}},{"start":{"line":746,"column":68},"end":{"line":746,"column":147}}]},"109":{"loc":{"start":{"line":746,"column":26},"end":{"line":746,"column":59}},"type":"binary-expr","locations":[{"start":{"line":746,"column":26},"end":{"line":746,"column":52}},{"start":{"line":746,"column":56},"end":{"line":746,"column":59}}]},"110":{"loc":{"start":{"line":746,"column":79},"end":{"line":746,"column":112}},"type":"binary-expr","locations":[{"start":{"line":746,"column":79},"end":{"line":746,"column":105}},{"start":{"line":746,"column":109},"end":{"line":746,"column":112}}]},"111":{"loc":{"start":{"line":748,"column":11},"end":{"line":750,"column":5}},"type":"if","locations":[{"start":{"line":748,"column":11},"end":{"line":750,"column":5}}]},"112":{"loc":{"start":{"line":757,"column":12},"end":{"line":757,"column":34}},"type":"cond-expr","locations":[{"start":{"line":757,"column":20},"end":{"line":757,"column":25}},{"start":{"line":757,"column":28},"end":{"line":757,"column":34}}]},"113":{"loc":{"start":{"line":760,"column":33},"end":{"line":760,"column":66}},"type":"binary-expr","locations":[{"start":{"line":760,"column":33},"end":{"line":760,"column":59}},{"start":{"line":760,"column":63},"end":{"line":760,"column":66}}]},"114":{"loc":{"start":{"line":761,"column":70},"end":{"line":761,"column":103}},"type":"binary-expr","locations":[{"start":{"line":761,"column":70},"end":{"line":761,"column":96}},{"start":{"line":761,"column":100},"end":{"line":761,"column":103}}]},"115":{"loc":{"start":{"line":763,"column":17},"end":{"line":763,"column":138}},"type":"cond-expr","locations":[{"start":{"line":763,"column":68},"end":{"line":763,"column":126}},{"start":{"line":763,"column":129},"end":{"line":763,"column":138}}]},"116":{"loc":{"start":{"line":763,"column":17},"end":{"line":763,"column":65}},"type":"cond-expr","locations":[{"start":{"line":763,"column":53},"end":{"line":763,"column":55}},{"start":{"line":763,"column":53},"end":{"line":763,"column":65}}]},"117":{"loc":{"start":{"line":763,"column":17},"end":{"line":763,"column":55}},"type":"binary-expr","locations":[{"start":{"line":763,"column":17},"end":{"line":763,"column":55}},{"start":{"line":763,"column":53},"end":{"line":763,"column":55}}]},"118":{"loc":{"start":{"line":763,"column":17},"end":{"line":763,"column":53}},"type":"cond-expr","locations":[{"start":{"line":763,"column":44},"end":{"line":763,"column":46}},{"start":{"line":763,"column":44},"end":{"line":763,"column":53}}]},"119":{"loc":{"start":{"line":763,"column":17},"end":{"line":763,"column":46}},"type":"binary-expr","locations":[{"start":{"line":763,"column":17},"end":{"line":763,"column":46}},{"start":{"line":763,"column":44},"end":{"line":763,"column":46}}]},"120":{"loc":{"start":{"line":764,"column":20},"end":{"line":764,"column":93}},"type":"cond-expr","locations":[{"start":{"line":764,"column":46},"end":{"line":764,"column":81}},{"start":{"line":764,"column":84},"end":{"line":764,"column":93}}]},"121":{"loc":{"start":{"line":766,"column":19},"end":{"line":766,"column":84}},"type":"cond-expr","locations":[{"start":{"line":766,"column":71},"end":{"line":766,"column":76}},{"start":{"line":766,"column":79},"end":{"line":766,"column":84}}]},"122":{"loc":{"start":{"line":766,"column":19},"end":{"line":766,"column":58}},"type":"cond-expr","locations":[{"start":{"line":766,"column":53},"end":{"line":766,"column":55}},{"start":{"line":766,"column":53},"end":{"line":766,"column":58}}]},"123":{"loc":{"start":{"line":766,"column":19},"end":{"line":766,"column":55}},"type":"binary-expr","locations":[{"start":{"line":766,"column":19},"end":{"line":766,"column":55}},{"start":{"line":766,"column":53},"end":{"line":766,"column":55}}]},"124":{"loc":{"start":{"line":766,"column":19},"end":{"line":766,"column":53}},"type":"cond-expr","locations":[{"start":{"line":766,"column":46},"end":{"line":766,"column":48}},{"start":{"line":766,"column":46},"end":{"line":766,"column":53}}]},"125":{"loc":{"start":{"line":766,"column":19},"end":{"line":766,"column":48}},"type":"binary-expr","locations":[{"start":{"line":766,"column":19},"end":{"line":766,"column":48}},{"start":{"line":766,"column":46},"end":{"line":766,"column":48}}]},"126":{"loc":{"start":{"line":768,"column":18},"end":{"line":768,"column":63}},"type":"cond-expr","locations":[{"start":{"line":768,"column":52},"end":{"line":768,"column":54}},{"start":{"line":768,"column":52},"end":{"line":768,"column":63}}]},"127":{"loc":{"start":{"line":768,"column":18},"end":{"line":768,"column":54}},"type":"binary-expr","locations":[{"start":{"line":768,"column":18},"end":{"line":768,"column":54}},{"start":{"line":768,"column":52},"end":{"line":768,"column":54}}]},"128":{"loc":{"start":{"line":768,"column":18},"end":{"line":768,"column":52}},"type":"cond-expr","locations":[{"start":{"line":768,"column":45},"end":{"line":768,"column":47}},{"start":{"line":768,"column":45},"end":{"line":768,"column":52}}]},"129":{"loc":{"start":{"line":768,"column":18},"end":{"line":768,"column":47}},"type":"binary-expr","locations":[{"start":{"line":768,"column":18},"end":{"line":768,"column":47}},{"start":{"line":768,"column":45},"end":{"line":768,"column":47}}]}},"s":{"0":1,"1":1,"2":3,"3":3,"4":3,"5":3,"6":3,"7":3,"8":3,"9":1,"10":2,"11":2,"12":4,"13":2,"14":2,"15":0,"16":0,"17":1,"18":0,"19":0,"20":0,"21":0,"22":1,"23":0,"24":0,"25":0,"26":0,"27":0,"28":0,"29":1,"30":0,"31":0,"32":0,"33":0,"34":0,"35":0,"36":0,"37":1,"38":0,"39":0,"40":0,"41":0,"42":0,"43":0,"44":0,"45":0,"46":0,"47":0,"48":0,"49":0,"50":0,"51":0,"52":0,"53":0,"54":0,"55":0,"56":0,"57":0,"58":0,"59":0,"60":0,"61":1,"62":0,"63":0,"64":0,"65":0,"66":0,"67":0,"68":0,"69":0,"70":1,"71":0,"72":0,"73":0,"74":0,"75":0,"76":0,"77":0,"78":0,"79":0,"80":0,"81":0,"82":0,"83":0,"84":0,"85":0,"86":0,"87":0,"88":0,"89":0,"90":1,"91":0,"92":0,"93":0,"94":0,"95":0,"96":0,"97":0,"98":0,"99":0,"100":0,"101":0,"102":0,"103":0,"104":0,"105":0,"106":0,"107":0,"108":0,"109":0,"110":1,"111":0,"112":0,"113":0,"114":0,"115":0,"116":0,"117":0,"118":0,"119":0,"120":0,"121":0,"122":0,"123":0,"124":0,"125":0,"126":0,"127":0,"128":0,"129":0,"130":1,"131":2,"132":2,"133":2,"134":2,"135":1,"136":0,"137":0,"138":0,"139":0,"140":0,"141":0,"142":0,"143":0,"144":0,"145":0,"146":0,"147":0,"148":0,"149":0,"150":0,"151":0,"152":0,"153":1,"154":2,"155":2,"156":2,"157":0,"158":0,"159":0,"160":0,"161":0,"162":0,"163":0,"164":0,"165":2,"166":0,"167":2,"168":2,"169":2,"170":2,"171":0,"172":1,"173":0,"174":0,"175":0,"176":1,"177":0,"178":0,"179":0,"180":0,"181":0,"182":0,"183":0,"184":0,"185":0,"186":0,"187":0,"188":1,"189":0,"190":0,"191":0,"192":0,"193":0,"194":0,"195":0,"196":0,"197":0,"198":0,"199":1,"200":0,"201":0,"202":0,"203":0,"204":0,"205":0,"206":0,"207":0,"208":0,"209":0,"210":0,"211":0,"212":0,"213":0,"214":0,"215":1,"216":0,"217":0,"218":0,"219":0,"220":0,"221":0,"222":0,"223":0,"224":0,"225":0,"226":0,"227":0,"228":0,"229":0,"230":0,"231":1,"232":0,"233":0,"234":0,"235":0,"236":0,"237":0,"238":0,"239":0,"240":0,"241":0,"242":0,"243":0,"244":0,"245":1,"246":0,"247":0,"248":0,"249":0,"250":0,"251":1,"252":0,"253":0,"254":0,"255":0,"256":0,"257":0,"258":0,"259":1,"260":0,"261":0,"262":0,"263":0,"264":0,"265":0,"266":0,"267":0,"268":0,"269":1,"270":4,"271":0,"272":4,"273":4,"274":4,"275":4,"276":4,"277":2,"278":4,"279":4,"280":4,"281":4,"282":4,"283":1,"284":4,"285":4,"286":1,"287":0,"288":0,"289":0,"290":0,"291":0,"292":0,"293":0,"294":0,"295":0,"296":0,"297":0,"298":0,"299":0,"300":0,"301":0,"302":0,"303":0,"304":0,"305":1,"306":1},"f":{"0":4,"1":2,"2":0,"3":0,"4":0,"5":0,"6":0,"7":0,"8":0,"9":0,"10":0,"11":0,"12":0,"13":0,"14":0,"15":0,"16":0,"17":0,"18":0,"19":0,"20":0,"21":0,"22":0,"23":0,"24":0,"25":0,"26":2,"27":0,"28":2,"29":0,"30":0,"31":0,"32":0,"33":0,"34":0,"35":0,"36":0,"37":0,"38":0,"39":0,"40":0,"41":0,"42":0,"43":0,"44":4,"45":4,"46":0},"b":{"0":[0],"1":[0],"2":[0],"3":[0],"4":[0],"5":[0,0],"6":[0,0],"7":[0,0],"8":[0],"9":[0],"10":[0,0],"11":[0,0],"12":[0],"13":[0,0],"14":[0,0],"15":[0],"16":[0,0],"17":[0,0],"18":[0,0],"19":[0],"20":[0,0],"21":[0,0],"22":[0],"23":[0,0],"24":[2],"25":[2,0],"26":[2,2],"27":[0],"28":[0],"29":[0],"30":[0,0],"31":[0],"32":[0,0],"33":[0,0],"34":[0,0],"35":[0,0],"36":[0,0],"37":[0,2],"38":[2,0],"39":[0,0],"40":[0,0],"41":[0],"42":[0,0],"43":[0,0],"44":[0,0],"45":[0,0],"46":[0],"47":[0,0],"48":[0,0],"49":[0,0],"50":[0],"51":[2],"52":[2,2],"53":[0,0],"54":[0,0],"55":[0,0],"56":[0,0],"57":[0,0],"58":[0,0],"59":[0],"60":[0],"61":[0],"62":[0],"63":[0,0],"64":[0],"65":[0],"66":[0,0],"67":[0],"68":[0,0],"69":[0],"70":[0],"71":[0],"72":[0,0],"73":[0],"74":[0,0],"75":[0],"76":[0,0],"77":[0],"78":[0],"79":[0],"80":[0],"81":[0,0],"82":[0],"83":[0,0],"84":[0],"85":[0,0],"86":[0,0],"87":[0],"88":[0],"89":[0,0],"90":[0],"91":[0],"92":[0],"93":[0],"94":[4,4],"95":[2],"96":[2,2],"97":[0,0],"98":[0,0],"99":[0,0],"100":[0],"101":[0,0],"102":[0,0],"103":[0,0],"104":[0,0],"105":[0,0],"106":[0,0],"107":[0,0],"108":[0,0],"109":[0,0],"110":[0,0],"111":[0],"112":[0,0],"113":[0,0],"114":[0,0],"115":[0,0],"116":[0,0],"117":[0,0],"118":[0,0],"119":[0,0],"120":[0,0],"121":[0,0],"122":[0,0],"123":[0,0],"124":[0,0],"125":[0,0],"126":[0,0],"127":[0,0],"128":[0,0],"129":[0,0]}}
}
