TN:
SF:\\192.168.0.176\Async\___HomeSync\Github\GWDS\TradingFarm\next-dashboard\src\tests\test-utils\mock-bybit.ts
FN:6,(anonymous_0)
FN:11,(anonymous_1)
FN:36,mockBybitApi
FN:37,(anonymous_3)
FN:129,(anonymous_4)
FN:135,restoreMocks
FNF:6
FNH:3
FNDA:0,(anonymous_0)
FNDA:0,(anonymous_1)
FNDA:7,mockBybitApi
FNDA:11,(anonymous_3)
FNDA:0,(anonymous_4)
FNDA:1,restoreMocks
DA:2,1
DA:5,1
DA:7,0
DA:8,0
DA:9,0
DA:11,0
DA:12,0
DA:36,1
DA:37,7
DA:39,11
DA:40,11
DA:42,11
DA:43,2
DA:47,9
DA:48,6
DA:65,3
DA:66,1
DA:76,2
DA:77,0
DA:100,2
DA:101,1
DA:121,1
DA:129,7
DA:135,1
DA:136,1
DA:137,1
LF:26
LH:20
BRDA:7,0,0,0
BRDA:7,0,1,0
BRDA:9,1,0,0
BRDA:39,2,0,2
BRDA:39,2,1,9
BRDA:39,3,0,0
BRDA:39,3,1,11
BRDA:39,4,0,11
BRDA:39,4,1,11
BRDA:40,5,0,11
BRDA:40,5,1,0
BRDA:40,6,0,0
BRDA:40,6,1,11
BRDA:40,7,0,11
BRDA:40,7,1,11
BRDA:42,8,0,2
BRDA:42,9,0,11
BRDA:42,9,1,11
BRDA:47,10,0,6
BRDA:65,11,0,1
BRDA:76,12,0,0
BRDA:100,13,0,1
BRF:22
BRH:15
end_of_record
TN:
SF:\\192.168.0.176\Async\___HomeSync\Github\GWDS\TradingFarm\next-dashboard\src\tests\test-utils\mock-coinbase.ts
FN:4,mockServerVault
FN:5,(anonymous_1)
FN:6,(anonymous_2)
FN:7,(anonymous_3)
FN:22,mockCoinbaseApi
FN:23,(anonymous_5)
FN:30,(anonymous_6)
FN:38,(anonymous_7)
FN:48,(anonymous_8)
FN:62,(anonymous_9)
FN:74,(anonymous_10)
FN:79,(anonymous_11)
FN:80,(anonymous_12)
FN:92,restoreMocks
FNF:14
FNH:6
FNDA:1,mockServerVault
FNDA:0,(anonymous_1)
FNDA:0,(anonymous_2)
FNDA:0,(anonymous_3)
FNDA:1,mockCoinbaseApi
FNDA:4,(anonymous_5)
FNDA:0,(anonymous_6)
FNDA:1,(anonymous_7)
FNDA:1,(anonymous_8)
FNDA:0,(anonymous_9)
FNDA:0,(anonymous_10)
FNDA:0,(anonymous_11)
FNDA:0,(anonymous_12)
FNDA:1,restoreMocks
DA:4,1
DA:5,1
DA:6,0
DA:8,0
DA:9,0
DA:11,0
DA:22,1
DA:23,1
DA:25,4
DA:26,4
DA:27,2
DA:30,0
DA:35,2
DA:36,1
DA:38,1
DA:45,1
DA:46,1
DA:48,1
DA:59,0
DA:60,0
DA:62,0
DA:72,0
DA:74,0
DA:79,1
DA:81,0
DA:82,0
DA:92,1
DA:93,1
LF:28
LH:16
BRDA:8,0,0,0
BRDA:25,1,0,4
BRDA:25,1,1,0
BRDA:25,2,0,0
BRDA:25,2,1,4
BRDA:25,3,0,4
BRDA:25,3,1,4
BRDA:26,4,0,2
BRDA:35,5,0,1
BRDA:45,6,0,1
BRDA:59,7,0,0
BRDA:81,8,0,0
BRF:12
BRH:7
end_of_record
TN:
SF:\\192.168.0.176\Async\___HomeSync\Github\GWDS\TradingFarm\next-dashboard\src\tests\test-utils\mock-common.ts
FN:7,delay
FN:8,(anonymous_1)
FN:14,mockCrypto
FN:17,(anonymous_3)
FN:24,(anonymous_4)
FN:34,mockSuccessResponse
FN:38,(anonymous_6)
FN:47,mockErrorResponse
FN:51,(anonymous_8)
FNF:9
FNH:4
FNDA:0,delay
FNDA:0,(anonymous_1)
FNDA:0,mockCrypto
FNDA:0,(anonymous_3)
FNDA:0,(anonymous_4)
FNDA:9,mockSuccessResponse
FNDA:9,(anonymous_6)
FNDA:2,mockErrorResponse
FNDA:2,(anonymous_8)
DA:7,1
DA:8,0
DA:14,1
DA:15,0
DA:18,0
DA:19,0
DA:21,0
DA:24,0
DA:34,1
DA:35,9
DA:38,9
DA:47,2
DA:48,2
DA:51,2
LF:14
LH:8
BRDA:47,0,0,0
BRDA:47,1,0,0
BRF:2
BRH:0
end_of_record
TN:
SF:\\192.168.0.176\Async\___HomeSync\Github\GWDS\TradingFarm\next-dashboard\src\tests\test-utils\mock-hyperliquid.ts
FN:4,mockServerVault
FN:5,(anonymous_1)
FN:6,(anonymous_2)
FN:7,(anonymous_3)
FN:21,mockHyperliquidApi
FN:22,(anonymous_5)
FN:29,(anonymous_6)
FN:37,(anonymous_7)
FN:52,(anonymous_8)
FN:63,(anonymous_9)
FN:83,(anonymous_10)
FN:94,(anonymous_11)
FN:99,(anonymous_12)
FN:100,(anonymous_13)
FN:112,restoreMocks
FNF:15
FNH:6
FNDA:1,mockServerVault
FNDA:0,(anonymous_1)
FNDA:0,(anonymous_2)
FNDA:0,(anonymous_3)
FNDA:1,mockHyperliquidApi
FNDA:4,(anonymous_5)
FNDA:0,(anonymous_6)
FNDA:0,(anonymous_7)
FNDA:2,(anonymous_8)
FNDA:2,(anonymous_9)
FNDA:0,(anonymous_10)
FNDA:0,(anonymous_11)
FNDA:0,(anonymous_12)
FNDA:0,(anonymous_13)
FNDA:1,restoreMocks
DA:4,1
DA:5,1
DA:6,0
DA:8,0
DA:9,0
DA:11,0
DA:21,1
DA:22,1
DA:24,4
DA:25,4
DA:26,0
DA:29,0
DA:34,4
DA:35,0
DA:37,0
DA:49,4
DA:50,2
DA:52,2
DA:60,2
DA:61,2
DA:63,2
DA:80,0
DA:81,0
DA:83,0
DA:92,0
DA:94,0
DA:99,1
DA:101,0
DA:102,0
DA:112,1
DA:113,1
LF:31
LH:16
BRDA:8,0,0,0
BRDA:24,1,0,2
BRDA:24,1,1,2
BRDA:24,2,0,0
BRDA:24,2,1,4
BRDA:24,3,0,4
BRDA:24,3,1,4
BRDA:25,4,0,0
BRDA:25,5,0,4
BRDA:25,5,1,4
BRDA:34,6,0,0
BRDA:49,7,0,2
BRDA:60,8,0,2
BRDA:80,9,0,0
BRDA:101,10,0,0
BRF:15
BRH:9
end_of_record
TN:
SF:\\192.168.0.176\Async\___HomeSync\Github\GWDS\TradingFarm\next-dashboard\src\utils\exchanges\bybit-adapter.ts
FN:9,(anonymous_13)
FN:22,(anonymous_15)
FN:63,(anonymous_18)
FN:73,(anonymous_21)
FN:88,(anonymous_24)
FN:147,(anonymous_27)
FN:173,(anonymous_30)
FN:183,(anonymous_33)
FN:184,(anonymous_34)
FN:192,(anonymous_35)
FN:207,(anonymous_38)
FN:221,(anonymous_41)
FN:248,(anonymous_42)
FN:263,(anonymous_45)
FN:277,(anonymous_48)
FN:283,(anonymous_49)
FN:284,(anonymous_50)
FN:298,(anonymous_51)
FN:313,(anonymous_54)
FN:327,(anonymous_57)
FN:350,(anonymous_58)
FN:377,(anonymous_61)
FN:419,(anonymous_64)
FN:483,(anonymous_67)
FN:499,(anonymous_70)
FN:516,(anonymous_73)
FN:553,(anonymous_76)
FN:585,(anonymous_79)
FN:616,(anonymous_82)
FN:621,(anonymous_85)
FN:626,(anonymous_86)
FN:631,(anonymous_87)
FN:636,(anonymous_88)
FN:645,(anonymous_89)
FN:660,(anonymous_90)
FN:663,(anonymous_91)
FN:676,(anonymous_92)
FN:703,(anonymous_95)
FN:754,(anonymous_98)
FN:762,(anonymous_99)
FN:788,(anonymous_100)
FN:808,(anonymous_101)
FN:822,(anonymous_102)
FN:838,(anonymous_103)
FN:845,(anonymous_104)
FNF:45
FNH:10
FNDA:8,(anonymous_13)
FNDA:6,(anonymous_15)
FNDA:0,(anonymous_18)
FNDA:0,(anonymous_21)
FNDA:0,(anonymous_24)
FNDA:1,(anonymous_27)
FNDA:0,(anonymous_30)
FNDA:0,(anonymous_33)
FNDA:0,(anonymous_34)
FNDA:0,(anonymous_35)
FNDA:0,(anonymous_38)
FNDA:0,(anonymous_41)
FNDA:0,(anonymous_42)
FNDA:0,(anonymous_45)
FNDA:0,(anonymous_48)
FNDA:0,(anonymous_49)
FNDA:0,(anonymous_50)
FNDA:0,(anonymous_51)
FNDA:0,(anonymous_54)
FNDA:0,(anonymous_57)
FNDA:7,(anonymous_58)
FNDA:0,(anonymous_61)
FNDA:2,(anonymous_64)
FNDA:0,(anonymous_67)
FNDA:1,(anonymous_70)
FNDA:0,(anonymous_73)
FNDA:0,(anonymous_76)
FNDA:0,(anonymous_79)
FNDA:0,(anonymous_82)
FNDA:0,(anonymous_85)
FNDA:0,(anonymous_86)
FNDA:0,(anonymous_87)
FNDA:0,(anonymous_88)
FNDA:0,(anonymous_89)
FNDA:0,(anonymous_90)
FNDA:0,(anonymous_91)
FNDA:1,(anonymous_92)
FNDA:10,(anonymous_95)
FNDA:3,(anonymous_98)
FNDA:0,(anonymous_99)
FNDA:2,(anonymous_100)
FNDA:0,(anonymous_101)
FNDA:0,(anonymous_102)
FNDA:0,(anonymous_103)
FNDA:0,(anonymous_104)
DA:3,1
DA:9,1
DA:10,7
DA:11,7
DA:12,7
DA:13,7
DA:14,7
DA:15,7
DA:16,7
DA:17,7
DA:22,1
DA:24,6
DA:25,6
DA:26,6
DA:29,6
DA:30,0
DA:31,0
DA:33,6
DA:34,6
DA:38,6
DA:40,5
DA:41,5
DA:52,1
DA:53,1
DA:63,1
DA:64,0
DA:65,0
DA:66,0
DA:67,0
DA:73,1
DA:74,0
DA:77,0
DA:78,0
DA:80,0
DA:81,0
DA:88,1
DA:89,0
DA:90,0
DA:92,0
DA:95,0
DA:96,0
DA:97,0
DA:117,0
DA:118,0
DA:119,0
DA:141,0
DA:147,1
DA:148,1
DA:150,1
DA:151,0
DA:154,1
DA:156,1
DA:173,1
DA:174,0
DA:175,0
DA:177,0
DA:178,0
DA:181,0
DA:183,0
DA:184,0
DA:192,1
DA:193,0
DA:194,0
DA:196,0
DA:198,0
DA:203,0
DA:205,0
DA:207,0
DA:208,0
DA:209,0
DA:214,0
DA:218,0
DA:221,0
DA:222,0
DA:223,0
DA:225,0
DA:238,0
DA:242,0
DA:248,1
DA:249,0
DA:250,0
DA:252,0
DA:254,0
DA:259,0
DA:261,0
DA:263,0
DA:264,0
DA:265,0
DA:270,0
DA:274,0
DA:277,0
DA:278,0
DA:279,0
DA:281,0
DA:283,0
DA:284,0
DA:288,0
DA:292,0
DA:298,1
DA:299,0
DA:300,0
DA:302,0
DA:304,0
DA:309,0
DA:311,0
DA:313,0
DA:314,0
DA:315,0
DA:320,0
DA:324,0
DA:327,0
DA:328,0
DA:329,0
DA:330,0
DA:339,0
DA:344,0
DA:350,1
DA:351,7
DA:353,6
DA:354,0
DA:357,6
DA:359,6
DA:360,12
DA:361,12
DA:371,6
DA:377,1
DA:378,0
DA:380,0
DA:381,0
DA:384,0
DA:386,0
DA:387,0
DA:390,0
DA:392,0
DA:394,0
DA:396,0
DA:413,0
DA:419,1
DA:421,2
DA:423,2
DA:431,2
DA:432,0
DA:435,2
DA:436,0
DA:438,2
DA:441,2
DA:442,0
DA:445,2
DA:446,0
DA:447,0
DA:450,2
DA:451,0
DA:454,4
DA:457,0
DA:464,0
DA:469,2
DA:471,1
DA:472,0
DA:476,1
DA:477,0
DA:483,1
DA:485,0
DA:487,0
DA:493,0
DA:499,1
DA:501,1
DA:503,1
DA:505,1
DA:506,1
DA:509,0
DA:510,0
DA:516,1
DA:517,0
DA:520,0
DA:524,0
DA:526,0
DA:527,0
DA:528,0
DA:533,0
DA:534,0
DA:538,0
DA:540,0
DA:541,0
DA:542,0
DA:547,0
DA:553,1
DA:554,0
DA:555,0
DA:558,0
DA:559,0
DA:561,0
DA:562,0
DA:563,0
DA:568,0
DA:569,0
DA:570,0
DA:572,0
DA:573,0
DA:574,0
DA:579,0
DA:585,1
DA:586,0
DA:587,0
DA:590,0
DA:591,0
DA:593,0
DA:594,0
DA:595,0
DA:610,0
DA:616,1
DA:617,0
DA:618,0
DA:621,0
DA:622,0
DA:624,0
DA:626,0
DA:627,0
DA:628,0
DA:631,0
DA:632,0
DA:633,0
DA:636,0
DA:637,0
DA:645,1
DA:646,0
DA:647,0
DA:648,0
DA:650,0
DA:652,0
DA:660,1
DA:661,0
DA:663,0
DA:664,0
DA:665,0
DA:666,0
DA:668,0
DA:676,1
DA:677,1
DA:679,1
DA:686,1
DA:687,0
DA:690,1
DA:691,1
DA:693,1
DA:694,0
DA:697,1
DA:703,1
DA:704,10
DA:705,0
DA:708,10
DA:709,10
DA:711,10
DA:712,10
DA:714,10
DA:718,10
DA:722,10
DA:724,10
DA:732,10
DA:737,10
DA:738,2
DA:741,10
DA:742,10
DA:744,10
DA:745,2
DA:748,8
DA:754,1
DA:756,3
DA:762,1
DA:763,0
DA:788,1
DA:789,2
DA:791,2
DA:793,0
DA:795,0
DA:797,0
DA:799,0
DA:801,0
DA:808,1
DA:809,0
DA:811,0
DA:813,0
DA:815,0
DA:822,1
DA:823,0
DA:825,0
DA:827,0
DA:829,0
DA:831,0
DA:838,1
DA:839,0
DA:845,1
DA:846,0
DA:848,0
DA:850,0
DA:852,0
DA:854,0
DA:856,0
DA:858,0
DA:860,0
DA:862,0
DA:864,0
DA:866,0
DA:869,1
LF:303
LH:105
BRDA:26,0,0,6
BRDA:26,0,1,6
BRDA:29,1,0,0
BRDA:29,1,1,6
BRDA:43,2,0,0
BRDA:43,2,1,5
BRDA:74,3,0,0
BRDA:89,4,0,0
BRDA:95,5,0,0
BRDA:95,6,0,0
BRDA:95,6,1,0
BRDA:95,7,0,0
BRDA:95,7,1,0
BRDA:106,8,0,0
BRDA:106,8,1,0
BRDA:117,9,0,0
BRDA:117,10,0,0
BRDA:117,10,1,0
BRDA:117,11,0,0
BRDA:117,11,1,0
BRDA:127,12,0,0
BRDA:127,12,1,0
BRDA:128,13,0,0
BRDA:128,13,1,0
BRDA:132,14,0,0
BRDA:132,14,1,0
BRDA:132,15,0,0
BRDA:132,15,1,0
BRDA:132,16,0,0
BRDA:132,16,1,0
BRDA:133,17,0,0
BRDA:133,17,1,0
BRDA:133,18,0,0
BRDA:133,18,1,0
BRDA:133,19,0,0
BRDA:133,19,1,0
BRDA:148,20,0,1
BRDA:150,21,0,0
BRDA:150,22,0,1
BRDA:150,22,1,1
BRDA:150,23,0,0
BRDA:150,23,1,1
BRDA:150,24,0,1
BRDA:150,24,1,1
BRDA:173,25,0,0
BRDA:174,26,0,0
BRDA:174,26,1,0
BRDA:174,27,0,0
BRDA:174,27,1,0
BRDA:177,28,0,0
BRDA:203,29,0,0
BRDA:203,29,1,0
BRDA:203,30,0,0
BRDA:203,30,1,0
BRDA:208,31,0,0
BRDA:208,32,0,0
BRDA:208,32,1,0
BRDA:208,33,0,0
BRDA:208,33,1,0
BRDA:222,34,0,0
BRDA:259,35,0,0
BRDA:259,35,1,0
BRDA:259,36,0,0
BRDA:259,36,1,0
BRDA:264,37,0,0
BRDA:264,38,0,0
BRDA:264,38,1,0
BRDA:264,39,0,0
BRDA:264,39,1,0
BRDA:278,40,0,0
BRDA:309,41,0,0
BRDA:309,41,1,0
BRDA:309,42,0,0
BRDA:309,42,1,0
BRDA:314,43,0,0
BRDA:314,44,0,0
BRDA:314,44,1,0
BRDA:314,45,0,0
BRDA:314,45,1,0
BRDA:328,46,0,0
BRDA:351,47,0,7
BRDA:353,48,0,0
BRDA:353,49,0,6
BRDA:353,49,1,6
BRDA:353,50,0,0
BRDA:353,50,1,6
BRDA:353,51,0,6
BRDA:353,51,1,6
BRDA:366,52,0,12
BRDA:366,52,1,12
BRDA:380,53,0,0
BRDA:386,54,0,0
BRDA:386,55,0,0
BRDA:386,55,1,0
BRDA:386,56,0,0
BRDA:386,56,1,0
BRDA:394,57,0,0
BRDA:398,58,0,0
BRDA:398,58,1,0
BRDA:403,59,0,0
BRDA:403,59,1,0
BRDA:469,60,0,2
BRDA:421,61,0,2
BRDA:421,61,1,0
BRDA:431,62,0,0
BRDA:431,63,0,2
BRDA:431,63,1,0
BRDA:435,64,0,0
BRDA:435,64,1,2
BRDA:441,65,0,0
BRDA:445,66,0,0
BRDA:450,67,0,0
BRDA:454,68,0,2
BRDA:454,69,0,2
BRDA:454,69,1,2
BRDA:454,69,2,0
BRDA:471,70,0,0
BRDA:485,71,0,0
BRDA:485,71,1,0
BRDA:501,72,0,1
BRDA:501,72,1,0
BRDA:505,73,0,1
BRDA:505,74,0,1
BRDA:505,74,1,0
BRDA:505,75,0,0
BRDA:505,75,1,1
BRDA:505,76,0,1
BRDA:505,76,1,1
BRDA:547,77,0,0
BRDA:520,78,0,0
BRDA:520,78,1,0
BRDA:526,79,0,0
BRDA:526,80,0,0
BRDA:526,80,1,0
BRDA:526,81,0,0
BRDA:526,81,1,0
BRDA:526,82,0,0
BRDA:526,82,1,0
BRDA:533,83,0,0
BRDA:533,84,0,0
BRDA:533,84,1,0
BRDA:534,85,0,0
BRDA:534,85,1,0
BRDA:540,86,0,0
BRDA:540,87,0,0
BRDA:540,87,1,0
BRDA:540,88,0,0
BRDA:540,88,1,0
BRDA:540,89,0,0
BRDA:540,89,1,0
BRDA:553,90,0,0
BRDA:579,91,0,0
BRDA:555,92,0,0
BRDA:555,92,1,0
BRDA:558,93,0,0
BRDA:558,93,1,0
BRDA:558,94,0,0
BRDA:558,94,1,0
BRDA:561,95,0,0
BRDA:561,96,0,0
BRDA:561,96,1,0
BRDA:561,97,0,0
BRDA:561,97,1,0
BRDA:561,98,0,0
BRDA:561,98,1,0
BRDA:568,99,0,0
BRDA:568,100,0,0
BRDA:568,100,1,0
BRDA:569,101,0,0
BRDA:569,101,1,0
BRDA:569,102,0,0
BRDA:569,102,1,0
BRDA:572,103,0,0
BRDA:572,104,0,0
BRDA:572,104,1,0
BRDA:572,105,0,0
BRDA:572,105,1,0
BRDA:572,106,0,0
BRDA:572,106,1,0
BRDA:585,107,0,0
BRDA:587,108,0,0
BRDA:587,108,1,0
BRDA:590,109,0,0
BRDA:590,109,1,0
BRDA:590,110,0,0
BRDA:590,110,1,0
BRDA:593,111,0,0
BRDA:593,112,0,0
BRDA:593,112,1,0
BRDA:593,113,0,0
BRDA:593,113,1,0
BRDA:593,114,0,0
BRDA:593,114,1,0
BRDA:617,115,0,0
BRDA:617,116,0,0
BRDA:617,116,1,0
BRDA:646,117,0,0
BRDA:661,118,0,0
BRDA:686,119,0,0
BRDA:686,120,0,1
BRDA:686,120,1,0
BRDA:693,121,0,0
BRDA:704,122,0,0
BRDA:704,123,0,10
BRDA:704,123,1,10
BRDA:711,124,0,8
BRDA:711,124,1,2
BRDA:711,125,0,8
BRDA:711,125,1,0
BRDA:714,126,0,8
BRDA:714,126,1,2
BRDA:716,127,0,2
BRDA:716,127,1,0
BRDA:737,128,0,2
BRDA:737,129,0,10
BRDA:737,129,1,2
BRDA:744,130,0,2
BRDA:756,131,0,3
BRDA:756,131,1,3
BRDA:773,132,0,0
BRDA:773,132,1,0
BRDA:774,133,0,0
BRDA:774,133,1,0
BRDA:775,134,0,0
BRDA:775,134,1,0
BRDA:789,135,0,2
BRDA:789,135,1,0
BRDA:789,135,2,0
BRDA:789,135,3,0
BRDA:789,135,4,0
BRDA:789,135,5,0
BRDA:809,136,0,0
BRDA:809,136,1,0
BRDA:809,136,2,0
BRDA:823,137,0,0
BRDA:823,137,1,0
BRDA:823,137,2,0
BRDA:823,137,3,0
BRDA:846,138,0,0
BRDA:846,138,1,0
BRDA:846,138,2,0
BRDA:846,138,3,0
BRDA:846,138,4,0
BRDA:846,138,5,0
BRDA:846,138,6,0
BRDA:846,138,7,0
BRDA:846,138,8,0
BRDA:846,138,9,0
BRF:248
BRH:47
end_of_record
TN:
SF:\\192.168.0.176\Async\___HomeSync\Github\GWDS\TradingFarm\next-dashboard\src\utils\exchanges\coinbase-adapter.ts
FN:9,(anonymous_13)
FN:22,(anonymous_15)
FN:53,(anonymous_18)
FN:63,(anonymous_21)
FN:78,(anonymous_24)
FN:81,(anonymous_27)
FN:104,(anonymous_28)
FN:124,(anonymous_31)
FN:129,(anonymous_34)
FN:130,(anonymous_35)
FN:138,(anonymous_36)
FN:154,(anonymous_39)
FN:169,(anonymous_42)
FN:194,(anonymous_43)
FN:223,(anonymous_46)
FN:238,(anonymous_49)
FN:251,(anonymous_51)
FN:263,(anonymous_52)
FN:268,(anonymous_53)
FN:280,(anonymous_54)
FN:297,(anonymous_55)
FN:313,(anonymous_58)
FN:328,(anonymous_61)
FN:349,(anonymous_62)
FN:352,(anonymous_65)
FN:364,(anonymous_66)
FN:371,(anonymous_69)
FN:382,(anonymous_72)
FN:413,(anonymous_73)
FN:422,(anonymous_74)
FN:458,(anonymous_77)
FN:474,(anonymous_80)
FN:482,(anonymous_83)
FN:496,(anonymous_86)
FN:514,(anonymous_89)
FN:531,(anonymous_92)
FN:548,(anonymous_93)
FN:553,(anonymous_96)
FN:558,(anonymous_97)
FN:563,(anonymous_98)
FN:568,(anonymous_99)
FN:577,(anonymous_100)
FN:592,(anonymous_101)
FN:595,(anonymous_102)
FN:608,(anonymous_103)
FN:646,(anonymous_106)
FN:672,(anonymous_107)
FN:691,(anonymous_108)
FN:709,(anonymous_109)
FN:725,(anonymous_110)
FN:741,(anonymous_111)
FNF:51
FNH:11
FNDA:4,(anonymous_13)
FNDA:2,(anonymous_15)
FNDA:0,(anonymous_18)
FNDA:0,(anonymous_21)
FNDA:0,(anonymous_24)
FNDA:0,(anonymous_27)
FNDA:0,(anonymous_28)
FNDA:0,(anonymous_31)
FNDA:0,(anonymous_34)
FNDA:0,(anonymous_35)
FNDA:0,(anonymous_36)
FNDA:0,(anonymous_39)
FNDA:0,(anonymous_42)
FNDA:0,(anonymous_43)
FNDA:0,(anonymous_46)
FNDA:0,(anonymous_49)
FNDA:0,(anonymous_51)
FNDA:0,(anonymous_52)
FNDA:0,(anonymous_53)
FNDA:0,(anonymous_54)
FNDA:0,(anonymous_55)
FNDA:0,(anonymous_58)
FNDA:0,(anonymous_61)
FNDA:2,(anonymous_62)
FNDA:2,(anonymous_65)
FNDA:0,(anonymous_66)
FNDA:0,(anonymous_69)
FNDA:0,(anonymous_72)
FNDA:0,(anonymous_73)
FNDA:2,(anonymous_74)
FNDA:0,(anonymous_77)
FNDA:0,(anonymous_80)
FNDA:0,(anonymous_83)
FNDA:0,(anonymous_86)
FNDA:0,(anonymous_89)
FNDA:0,(anonymous_92)
FNDA:0,(anonymous_93)
FNDA:0,(anonymous_96)
FNDA:0,(anonymous_97)
FNDA:0,(anonymous_98)
FNDA:0,(anonymous_99)
FNDA:0,(anonymous_100)
FNDA:0,(anonymous_101)
FNDA:0,(anonymous_102)
FNDA:4,(anonymous_103)
FNDA:1,(anonymous_106)
FNDA:2,(anonymous_107)
FNDA:1,(anonymous_108)
FNDA:0,(anonymous_109)
FNDA:1,(anonymous_110)
FNDA:1,(anonymous_111)
DA:3,1
DA:9,1
DA:10,3
DA:11,3
DA:12,3
DA:13,3
DA:14,3
DA:15,3
DA:16,3
DA:17,3
DA:22,1
DA:24,2
DA:25,2
DA:28,2
DA:30,1
DA:31,1
DA:42,1
DA:43,1
DA:53,1
DA:54,0
DA:55,0
DA:56,0
DA:57,0
DA:63,1
DA:64,0
DA:67,0
DA:68,0
DA:70,0
DA:71,0
DA:78,1
DA:79,0
DA:81,0
DA:104,1
DA:105,0
DA:107,0
DA:124,1
DA:125,0
DA:127,0
DA:129,0
DA:130,0
DA:138,1
DA:139,0
DA:140,0
DA:142,0
DA:144,0
DA:150,0
DA:152,0
DA:154,0
DA:155,0
DA:156,0
DA:162,0
DA:166,0
DA:169,0
DA:170,0
DA:171,0
DA:184,0
DA:188,0
DA:194,1
DA:195,0
DA:196,0
DA:198,0
DA:200,0
DA:206,0
DA:209,0
DA:217,0
DA:218,0
DA:219,0
DA:221,0
DA:223,0
DA:224,0
DA:225,0
DA:231,0
DA:235,0
DA:238,0
DA:239,0
DA:241,0
DA:242,0
DA:244,0
DA:245,0
DA:246,0
DA:247,0
DA:249,0
DA:251,0
DA:252,0
DA:254,0
DA:255,0
DA:256,0
DA:258,0
DA:261,0
DA:263,0
DA:266,0
DA:268,0
DA:269,0
DA:271,0
DA:272,0
DA:273,0
DA:275,0
DA:278,0
DA:280,0
DA:286,0
DA:287,0
DA:291,0
DA:297,1
DA:298,0
DA:299,0
DA:301,0
DA:303,0
DA:309,0
DA:311,0
DA:313,0
DA:314,0
DA:315,0
DA:321,0
DA:325,0
DA:328,0
DA:329,0
DA:330,0
DA:339,0
DA:343,0
DA:349,1
DA:350,2
DA:352,2
DA:364,1
DA:366,0
DA:367,0
DA:368,0
DA:371,0
DA:373,0
DA:374,0
DA:377,0
DA:382,0
DA:383,0
DA:386,0
DA:389,0
DA:391,0
DA:402,0
DA:403,0
DA:406,0
DA:412,0
DA:413,0
DA:416,0
DA:422,1
DA:423,2
DA:425,2
DA:431,2
DA:432,0
DA:433,0
DA:435,0
DA:436,0
DA:439,0
DA:440,0
DA:443,2
DA:446,2
DA:447,0
DA:450,2
DA:452,1
DA:458,1
DA:460,0
DA:461,0
DA:463,0
DA:465,0
DA:467,0
DA:474,1
DA:475,0
DA:476,0
DA:482,1
DA:483,0
DA:485,0
DA:486,0
DA:489,0
DA:490,0
DA:496,1
DA:497,0
DA:499,0
DA:500,0
DA:503,0
DA:504,0
DA:507,0
DA:508,0
DA:514,1
DA:515,0
DA:516,0
DA:519,0
DA:521,0
DA:522,0
DA:525,0
DA:526,0
DA:529,0
DA:531,0
DA:548,1
DA:549,0
DA:550,0
DA:553,0
DA:554,0
DA:556,0
DA:558,0
DA:559,0
DA:560,0
DA:563,0
DA:564,0
DA:565,0
DA:568,0
DA:569,0
DA:577,1
DA:578,0
DA:579,0
DA:580,0
DA:582,0
DA:584,0
DA:592,1
DA:593,0
DA:595,0
DA:596,0
DA:597,0
DA:598,0
DA:600,0
DA:608,1
DA:609,4
DA:610,0
DA:613,4
DA:614,4
DA:615,4
DA:617,4
DA:618,4
DA:622,4
DA:629,4
DA:635,6
DA:636,2
DA:637,0
DA:640,2
DA:646,1
DA:647,1
DA:672,1
DA:673,2
DA:675,2
DA:678,0
DA:680,0
DA:682,0
DA:684,0
DA:691,1
DA:692,1
DA:694,0
DA:696,0
DA:698,0
DA:700,0
DA:702,1
DA:709,1
DA:710,0
DA:712,0
DA:714,0
DA:716,0
DA:718,0
DA:725,1
DA:726,1
DA:728,0
DA:730,0
DA:732,0
DA:734,1
DA:741,1
DA:742,1
DA:744,0
DA:746,0
DA:748,0
DA:750,0
DA:752,0
DA:754,1
DA:756,0
DA:758,0
DA:760,0
DA:763,1
LF:270
LH:74
BRDA:64,0,0,0
BRDA:79,1,0,0
BRDA:85,2,0,0
BRDA:85,2,1,0
BRDA:86,3,0,0
BRDA:86,3,1,0
BRDA:90,4,0,0
BRDA:90,4,1,0
BRDA:105,5,0,0
BRDA:124,6,0,0
BRDA:125,7,0,0
BRDA:150,8,0,0
BRDA:150,8,1,0
BRDA:150,9,0,0
BRDA:150,9,1,0
BRDA:155,10,0,0
BRDA:155,11,0,0
BRDA:155,11,1,0
BRDA:155,12,0,0
BRDA:155,12,1,0
BRDA:170,13,0,0
BRDA:170,14,0,0
BRDA:170,14,1,0
BRDA:206,15,0,0
BRDA:206,15,1,0
BRDA:206,16,0,0
BRDA:206,16,1,0
BRDA:224,17,0,0
BRDA:224,18,0,0
BRDA:224,18,1,0
BRDA:224,19,0,0
BRDA:224,19,1,0
BRDA:239,20,0,0
BRDA:239,21,0,0
BRDA:239,21,1,0
BRDA:249,22,0,0
BRDA:249,22,1,0
BRDA:252,23,0,0
BRDA:252,23,1,0
BRDA:252,24,0,0
BRDA:252,24,1,0
BRDA:255,25,0,0
BRDA:256,26,0,0
BRDA:256,26,1,0
BRDA:266,27,0,0
BRDA:269,28,0,0
BRDA:269,28,1,0
BRDA:269,29,0,0
BRDA:269,29,1,0
BRDA:272,30,0,0
BRDA:273,31,0,0
BRDA:273,31,1,0
BRDA:309,32,0,0
BRDA:309,32,1,0
BRDA:309,33,0,0
BRDA:309,33,1,0
BRDA:314,34,0,0
BRDA:314,35,0,0
BRDA:314,35,1,0
BRDA:314,36,0,0
BRDA:314,36,1,0
BRDA:329,37,0,0
BRDA:329,38,0,0
BRDA:329,38,1,0
BRDA:335,39,0,0
BRDA:335,39,1,0
BRDA:350,40,0,2
BRDA:366,41,0,0
BRDA:377,42,0,0
BRDA:383,43,0,0
BRDA:383,43,1,0
BRDA:386,44,0,0
BRDA:402,45,0,0
BRDA:402,46,0,0
BRDA:402,46,1,0
BRDA:373,47,0,0
BRDA:412,48,0,0
BRDA:431,49,0,0
BRDA:431,49,1,2
BRDA:433,50,0,0
BRDA:433,50,1,0
BRDA:433,51,0,0
BRDA:433,51,1,0
BRDA:433,52,0,0
BRDA:433,52,1,0
BRDA:435,53,0,0
BRDA:439,54,0,0
BRDA:446,55,0,0
BRDA:463,56,0,0
BRDA:475,57,0,0
BRDA:485,58,0,0
BRDA:496,59,0,0
BRDA:499,60,0,0
BRDA:503,61,0,0
BRDA:514,62,0,0
BRDA:515,63,0,0
BRDA:521,64,0,0
BRDA:525,65,0,0
BRDA:526,66,0,0
BRDA:526,66,1,0
BRDA:549,67,0,0
BRDA:549,68,0,0
BRDA:549,68,1,0
BRDA:578,69,0,0
BRDA:593,70,0,0
BRDA:640,71,0,2
BRDA:640,71,1,2
BRDA:609,72,0,0
BRDA:609,73,0,4
BRDA:609,73,1,4
BRDA:615,74,0,2
BRDA:615,74,1,2
BRDA:632,75,0,2
BRDA:632,75,1,2
BRDA:635,76,0,2
BRDA:657,77,0,1
BRDA:657,77,1,0
BRDA:658,78,0,0
BRDA:658,78,1,1
BRDA:658,79,0,1
BRDA:658,79,1,0
BRDA:662,80,0,0
BRDA:662,80,1,1
BRDA:673,81,0,2
BRDA:673,81,1,0
BRDA:673,81,2,0
BRDA:673,81,3,0
BRDA:673,81,4,0
BRDA:673,81,5,0
BRDA:692,82,0,0
BRDA:692,82,1,0
BRDA:692,82,2,0
BRDA:692,82,3,0
BRDA:692,82,4,1
BRDA:710,83,0,0
BRDA:710,83,1,0
BRDA:710,83,2,0
BRDA:710,83,3,0
BRDA:726,84,0,0
BRDA:726,84,1,0
BRDA:726,84,2,0
BRDA:726,84,3,1
BRDA:742,85,0,0
BRDA:742,85,1,0
BRDA:742,85,2,0
BRDA:742,85,3,0
BRDA:742,85,4,0
BRDA:742,85,5,1
BRDA:742,85,6,0
BRDA:742,85,7,0
BRDA:742,85,8,0
BRF:151
BRH:19
end_of_record
TN:
SF:\\192.168.0.176\Async\___HomeSync\Github\GWDS\TradingFarm\next-dashboard\src\utils\exchanges\hyperliquid-adapter.ts
FN:9,(anonymous_13)
FN:21,(anonymous_15)
FN:52,(anonymous_18)
FN:62,(anonymous_21)
FN:77,(anonymous_24)
FN:109,(anonymous_27)
FN:112,(anonymous_30)
FN:164,(anonymous_31)
FN:172,(anonymous_34)
FN:174,(anonymous_35)
FN:176,(anonymous_36)
FN:178,(anonymous_37)
FN:186,(anonymous_38)
FN:194,(anonymous_41)
FN:202,(anonymous_44)
FN:213,(anonymous_47)
FN:224,(anonymous_50)
FN:241,(anonymous_53)
FN:258,(anonymous_56)
FN:263,(anonymous_57)
FN:264,(anonymous_58)
FN:266,(anonymous_59)
FN:267,(anonymous_60)
FN:281,(anonymous_61)
FN:298,(anonymous_64)
FN:315,(anonymous_67)
FN:338,(anonymous_68)
FN:356,(anonymous_71)
FN:400,(anonymous_74)
FN:479,(anonymous_77)
FN:495,(anonymous_80)
FN:497,(anonymous_83)
FN:519,(anonymous_84)
FN:539,(anonymous_87)
FN:565,(anonymous_90)
FN:602,(anonymous_93)
FN:607,(anonymous_96)
FN:612,(anonymous_97)
FN:617,(anonymous_98)
FN:622,(anonymous_99)
FN:631,(anonymous_100)
FN:646,(anonymous_101)
FN:649,(anonymous_102)
FN:662,(anonymous_103)
FN:685,(anonymous_106)
FN:718,(anonymous_109)
FN:729,(anonymous_110)
FNF:47
FNH:6
FNDA:4,(anonymous_13)
FNDA:2,(anonymous_15)
FNDA:0,(anonymous_18)
FNDA:0,(anonymous_21)
FNDA:0,(anonymous_24)
FNDA:0,(anonymous_27)
FNDA:0,(anonymous_30)
FNDA:0,(anonymous_31)
FNDA:0,(anonymous_34)
FNDA:0,(anonymous_35)
FNDA:0,(anonymous_36)
FNDA:0,(anonymous_37)
FNDA:0,(anonymous_38)
FNDA:0,(anonymous_41)
FNDA:0,(anonymous_44)
FNDA:0,(anonymous_47)
FNDA:0,(anonymous_50)
FNDA:0,(anonymous_53)
FNDA:0,(anonymous_56)
FNDA:0,(anonymous_57)
FNDA:0,(anonymous_58)
FNDA:0,(anonymous_59)
FNDA:0,(anonymous_60)
FNDA:0,(anonymous_61)
FNDA:0,(anonymous_64)
FNDA:0,(anonymous_67)
FNDA:2,(anonymous_68)
FNDA:0,(anonymous_71)
FNDA:2,(anonymous_74)
FNDA:0,(anonymous_77)
FNDA:0,(anonymous_80)
FNDA:0,(anonymous_83)
FNDA:0,(anonymous_84)
FNDA:0,(anonymous_87)
FNDA:0,(anonymous_90)
FNDA:0,(anonymous_93)
FNDA:0,(anonymous_96)
FNDA:0,(anonymous_97)
FNDA:0,(anonymous_98)
FNDA:0,(anonymous_99)
FNDA:0,(anonymous_100)
FNDA:0,(anonymous_101)
FNDA:0,(anonymous_102)
FNDA:0,(anonymous_103)
FNDA:4,(anonymous_106)
FNDA:4,(anonymous_109)
FNDA:0,(anonymous_110)
DA:3,1
DA:9,1
DA:10,3
DA:11,3
DA:12,3
DA:13,3
DA:14,3
DA:15,3
DA:16,3
DA:21,1
DA:23,2
DA:24,2
DA:27,4
DA:29,2
DA:30,2
DA:41,0
DA:42,0
DA:52,1
DA:53,0
DA:54,0
DA:55,0
DA:56,0
DA:62,1
DA:63,0
DA:66,0
DA:67,0
DA:69,0
DA:70,0
DA:77,1
DA:78,0
DA:80,0
DA:82,0
DA:83,0
DA:103,0
DA:109,1
DA:110,0
DA:112,0
DA:114,0
DA:115,0
DA:118,0
DA:119,0
DA:122,0
DA:123,0
DA:125,0
DA:132,0
DA:133,0
DA:134,0
DA:136,0
DA:137,0
DA:138,0
DA:139,0
DA:140,0
DA:145,0
DA:147,0
DA:164,1
DA:165,0
DA:169,0
DA:172,0
DA:174,0
DA:176,0
DA:178,0
DA:186,1
DA:187,0
DA:188,0
DA:190,0
DA:192,0
DA:194,0
DA:195,0
DA:199,0
DA:202,0
DA:204,0
DA:205,0
DA:207,0
DA:212,0
DA:213,0
DA:214,0
DA:215,0
DA:218,0
DA:224,1
DA:225,0
DA:226,0
DA:228,0
DA:231,0
DA:239,0
DA:241,0
DA:242,0
DA:243,0
DA:251,0
DA:255,0
DA:258,0
DA:259,0
DA:260,0
DA:263,0
DA:264,0
DA:266,0
DA:267,0
DA:271,0
DA:275,0
DA:281,1
DA:282,0
DA:283,0
DA:285,0
DA:288,0
DA:296,0
DA:298,0
DA:299,0
DA:300,0
DA:308,0
DA:312,0
DA:315,0
DA:316,0
DA:317,0
DA:318,0
DA:327,0
DA:332,0
DA:338,1
DA:339,2
DA:341,2
DA:344,2
DA:356,1
DA:357,0
DA:359,0
DA:361,0
DA:362,0
DA:364,0
DA:367,0
DA:369,0
DA:370,0
DA:371,0
DA:372,0
DA:374,0
DA:378,0
DA:394,0
DA:400,1
DA:401,2
DA:409,2
DA:410,2
DA:413,0
DA:414,0
DA:420,0
DA:421,0
DA:423,0
DA:424,0
DA:431,0
DA:432,0
DA:441,2
DA:442,0
DA:445,2
DA:451,2
DA:452,2
DA:456,0
DA:479,1
DA:480,0
DA:489,0
DA:495,1
DA:496,0
DA:497,0
DA:499,0
DA:500,0
DA:504,0
DA:509,0
DA:510,0
DA:513,0
DA:519,1
DA:520,0
DA:522,0
DA:524,0
DA:525,0
DA:527,0
DA:529,0
DA:533,0
DA:539,1
DA:540,0
DA:542,0
DA:544,0
DA:545,0
DA:547,0
DA:550,0
DA:552,0
DA:555,0
DA:559,0
DA:565,1
DA:566,0
DA:568,0
DA:570,0
DA:571,0
DA:573,0
DA:576,0
DA:578,0
DA:592,0
DA:596,0
DA:602,1
DA:603,0
DA:604,0
DA:607,0
DA:608,0
DA:610,0
DA:612,0
DA:613,0
DA:614,0
DA:617,0
DA:618,0
DA:619,0
DA:622,0
DA:623,0
DA:631,1
DA:632,0
DA:633,0
DA:634,0
DA:636,0
DA:638,0
DA:646,1
DA:647,0
DA:649,0
DA:650,0
DA:651,0
DA:652,0
DA:654,0
DA:662,1
DA:663,0
DA:665,0
DA:672,0
DA:673,0
DA:676,0
DA:677,0
DA:679,0
DA:685,1
DA:686,4
DA:687,0
DA:690,4
DA:691,4
DA:693,4
DA:695,4
DA:705,4
DA:706,2
DA:709,4
DA:710,4
DA:712,4
DA:718,1
DA:719,4
DA:721,4
DA:729,1
DA:730,0
DA:732,0
DA:733,0
DA:734,0
DA:735,0
DA:736,0
DA:739,0
DA:740,0
DA:741,0
DA:742,0
DA:743,0
DA:744,0
DA:745,0
DA:746,0
DA:747,0
DA:748,0
DA:749,0
DA:752,0
DA:772,1
LF:261
LH:61
BRDA:63,0,0,0
BRDA:78,1,0,0
BRDA:110,2,0,0
BRDA:114,3,0,0
BRDA:136,4,0,0
BRDA:136,5,0,0
BRDA:136,5,1,0
BRDA:152,6,0,0
BRDA:152,6,1,0
BRDA:153,7,0,0
BRDA:153,7,1,0
BRDA:164,8,0,0
BRDA:165,9,0,0
BRDA:231,10,0,0
BRDA:231,10,1,0
BRDA:231,11,0,0
BRDA:231,11,1,0
BRDA:242,12,0,0
BRDA:242,13,0,0
BRDA:242,13,1,0
BRDA:242,14,0,0
BRDA:242,14,1,0
BRDA:259,15,0,0
BRDA:259,16,0,0
BRDA:259,16,1,0
BRDA:288,17,0,0
BRDA:288,17,1,0
BRDA:288,18,0,0
BRDA:288,18,1,0
BRDA:299,19,0,0
BRDA:299,20,0,0
BRDA:299,20,1,0
BRDA:299,21,0,0
BRDA:299,21,1,0
BRDA:316,22,0,0
BRDA:316,23,0,0
BRDA:316,23,1,0
BRDA:339,24,0,2
BRDA:341,25,0,2
BRDA:341,25,1,0
BRDA:348,26,0,2
BRDA:348,26,1,2
BRDA:357,27,0,0
BRDA:361,28,0,0
BRDA:364,29,0,0
BRDA:364,30,0,0
BRDA:364,30,1,0
BRDA:367,31,0,0
BRDA:372,32,0,0
BRDA:372,32,1,0
BRDA:374,33,0,0
BRDA:374,33,1,0
BRDA:380,34,0,0
BRDA:380,34,1,0
BRDA:386,35,0,0
BRDA:386,35,1,0
BRDA:388,36,0,0
BRDA:388,36,1,0
BRDA:405,37,0,0
BRDA:405,37,1,2
BRDA:409,38,0,2
BRDA:409,38,1,0
BRDA:413,39,0,0
BRDA:413,39,1,0
BRDA:416,40,0,0
BRDA:416,40,1,0
BRDA:420,41,0,0
BRDA:423,42,0,0
BRDA:423,42,1,0
BRDA:426,43,0,0
BRDA:426,43,1,0
BRDA:426,44,0,0
BRDA:426,44,1,0
BRDA:426,45,0,0
BRDA:426,45,1,0
BRDA:431,46,0,0
BRDA:434,47,0,0
BRDA:434,47,1,0
BRDA:434,48,0,0
BRDA:434,48,1,0
BRDA:434,49,0,0
BRDA:434,49,1,0
BRDA:441,50,0,0
BRDA:451,51,0,2
BRDA:452,52,0,2
BRDA:452,52,1,2
BRDA:457,53,0,0
BRDA:457,53,1,0
BRDA:457,54,0,0
BRDA:457,54,1,0
BRDA:457,55,0,0
BRDA:457,55,1,0
BRDA:469,56,0,0
BRDA:469,56,1,0
BRDA:470,57,0,0
BRDA:470,57,1,0
BRDA:471,58,0,0
BRDA:471,58,1,0
BRDA:480,59,0,0
BRDA:496,60,0,0
BRDA:499,61,0,0
BRDA:509,62,0,0
BRDA:509,63,0,0
BRDA:509,63,1,0
BRDA:520,64,0,0
BRDA:524,65,0,0
BRDA:524,66,0,0
BRDA:524,66,1,0
BRDA:527,67,0,0
BRDA:527,68,0,0
BRDA:527,68,1,0
BRDA:539,69,0,0
BRDA:540,70,0,0
BRDA:544,71,0,0
BRDA:544,72,0,0
BRDA:544,72,1,0
BRDA:547,73,0,0
BRDA:547,74,0,0
BRDA:547,74,1,0
BRDA:550,75,0,0
BRDA:550,76,0,0
BRDA:550,76,1,0
BRDA:555,77,0,0
BRDA:565,78,0,0
BRDA:566,79,0,0
BRDA:570,80,0,0
BRDA:570,81,0,0
BRDA:570,81,1,0
BRDA:573,82,0,0
BRDA:573,83,0,0
BRDA:573,83,1,0
BRDA:576,84,0,0
BRDA:576,85,0,0
BRDA:576,85,1,0
BRDA:582,86,0,0
BRDA:582,86,1,0
BRDA:592,87,0,0
BRDA:603,88,0,0
BRDA:603,89,0,0
BRDA:603,89,1,0
BRDA:632,90,0,0
BRDA:647,91,0,0
BRDA:672,92,0,0
BRDA:686,93,0,0
BRDA:686,94,0,4
BRDA:686,94,1,4
BRDA:705,95,0,2
BRDA:719,96,0,2
BRDA:719,96,1,2
BRDA:733,97,0,0
BRDA:733,97,1,0
BRDA:733,98,0,0
BRDA:733,98,1,0
BRDA:733,99,0,0
BRDA:733,99,1,0
BRDA:735,100,0,0
BRDA:735,101,0,0
BRDA:735,101,1,0
BRDA:735,102,0,0
BRDA:735,102,1,0
BRDA:736,103,0,0
BRDA:736,103,1,0
BRDA:740,104,0,0
BRDA:740,104,1,0
BRDA:742,105,0,0
BRDA:742,105,1,0
BRDA:744,106,0,0
BRDA:744,106,1,0
BRDA:746,107,0,0
BRDA:746,107,1,0
BRDA:746,108,0,0
BRDA:746,108,1,0
BRDA:746,109,0,0
BRDA:746,109,1,0
BRDA:746,110,0,0
BRDA:746,110,1,0
BRDA:748,111,0,0
BRDA:757,112,0,0
BRDA:757,112,1,0
BRDA:760,113,0,0
BRDA:760,113,1,0
BRDA:761,114,0,0
BRDA:761,114,1,0
BRDA:763,115,0,0
BRDA:763,115,1,0
BRDA:763,116,0,0
BRDA:763,116,1,0
BRDA:763,117,0,0
BRDA:763,117,1,0
BRDA:763,118,0,0
BRDA:763,118,1,0
BRDA:763,119,0,0
BRDA:763,119,1,0
BRDA:764,120,0,0
BRDA:764,120,1,0
BRDA:766,121,0,0
BRDA:766,121,1,0
BRDA:766,122,0,0
BRDA:766,122,1,0
BRDA:766,123,0,0
BRDA:766,123,1,0
BRDA:766,124,0,0
BRDA:766,124,1,0
BRDA:766,125,0,0
BRDA:766,125,1,0
BRDA:768,126,0,0
BRDA:768,126,1,0
BRDA:768,127,0,0
BRDA:768,127,1,0
BRDA:768,128,0,0
BRDA:768,128,1,0
BRDA:768,129,0,0
BRDA:768,129,1,0
BRF:213
BRH:14
end_of_record
